\BOOKMARK [0][-]{chapter.1}{\376\377\000I\000n\000t\000r\000o\000d\000u\000c\000c\000i\000\363\000n}{}% 1
\BOOKMARK [1][-]{section.1.1}{\376\377\000S\000i\000s\000t\000e\000m\000a\000s\000\040\000T\000e\000l\000e\000o\000p\000e\000r\000a\000d\000o\000s}{chapter.1}% 2
\BOOKMARK [1][-]{section.1.2}{\376\377\000T\000e\000c\000n\000o\000l\000o\000g\000\355\000a\000s\000\040\000i\000n\000m\000e\000r\000s\000i\000v\000a\000s}{chapter.1}% 3
\BOOKMARK [1][-]{section.1.3}{\376\377\000M\000a\000r\000c\000o\000\040\000d\000e\000\040\000t\000r\000a\000b\000a\000j\000o\000:\000\040\000I\000F\000M\000I\000F\000-\000D\000O\000N\000E\000S}{chapter.1}% 4
\BOOKMARK [1][-]{section.1.4}{\376\377\000O\000b\000j\000e\000t\000i\000v\000o\000s\000\040\000P\000l\000a\000n\000t\000e\000a\000d\000o\000s}{chapter.1}% 5
\BOOKMARK [1][-]{section.1.5}{\376\377\000P\000l\000a\000n\000i\000f\000i\000c\000a\000c\000i\000\363\000n\000\040\000d\000e\000l\000\040\000P\000r\000o\000y\000e\000c\000t\000o}{chapter.1}% 6
\BOOKMARK [1][-]{section.1.6}{\376\377\000E\000s\000t\000i\000m\000a\000c\000i\000\363\000n\000\040\000d\000e\000\040\000C\000o\000s\000t\000o\000s}{chapter.1}% 7
\BOOKMARK [0][-]{chapter.2}{\376\377\000E\000s\000t\000a\000d\000o\000\040\000d\000e\000l\000\040\000A\000r\000t\000e}{}% 8
\BOOKMARK [1][-]{section.2.1}{\376\377\000T\000e\000l\000e\000o\000p\000e\000r\000a\000c\000i\000\363\000n\000\040\000y\000\040\000R\000o\000b\000\363\000t\000i\000c\000a}{chapter.2}% 9
\BOOKMARK [2][-]{subsection.2.1.1}{\376\377\000E\000v\000o\000l\000u\000c\000i\000\363\000n\000\040\000d\000e\000l\000\040\000A\000r\000t\000e}{section.2.1}% 10
\BOOKMARK [2][-]{subsection.2.1.2}{\376\377\000I\000m\000p\000l\000e\000m\000e\000n\000t\000a\000c\000i\000o\000n\000e\000s\000\040\000A\000c\000t\000u\000a\000l\000e\000s}{section.2.1}% 11
\BOOKMARK [2][-]{subsection.2.1.3}{\376\377\000C\000o\000m\000p\000o\000n\000e\000n\000t\000e\000s\000\040\000d\000e\000l\000\040\000S\000i\000s\000t\000e\000m\000a\000\040\000T\000e\000l\000e\000o\000p\000e\000r\000a\000d\000o}{section.2.1}% 12
\BOOKMARK [1][-]{section.2.2}{\376\377\000T\000\351\000c\000n\000i\000c\000a\000s\000\040\000d\000e\000\040\000I\000n\000m\000e\000r\000s\000i\000\363\000n}{chapter.2}% 13
\BOOKMARK [2][-]{subsection.2.2.1}{\376\377\000E\000v\000o\000l\000u\000c\000i\000\363\000n\000\040\000d\000e\000l\000\040\000A\000r\000t\000e}{section.2.2}% 14
\BOOKMARK [2][-]{subsection.2.2.2}{\376\377\000I\000m\000p\000l\000e\000m\000e\000n\000t\000a\000c\000i\000o\000n\000e\000s\000\040\000A\000c\000t\000u\000a\000l\000e\000s}{section.2.2}% 15
\BOOKMARK [2][-]{subsection.2.2.3}{\376\377\000F\000e\000e\000d\000b\000a\000c\000k\000\040\000H\000\341\000p\000t\000i\000c\000o}{section.2.2}% 16
\BOOKMARK [1][-]{section.2.3}{\376\377\000E\000n\000t\000o\000r\000n\000o\000\040\000e\000n\000\040\000l\000a\000\040\000F\000u\000s\000i\000\363\000n\000\040\000N\000u\000c\000l\000e\000a\000r}{chapter.2}% 17
\BOOKMARK [2][-]{subsection.2.3.1}{\376\377\000\040\000I\000F\000M\000I\000F\000-\000D\000O\000N\000E\000S}{section.2.3}% 18
\BOOKMARK [2][-]{subsection.2.3.2}{\376\377\000I\000T\000E\000R}{section.2.3}% 19
\BOOKMARK [2][-]{subsection.2.3.3}{\376\377\000D\000E\000M\000O}{section.2.3}% 20
\BOOKMARK [0][-]{chapter.3}{\376\377\000E\000s\000p\000e\000c\000i\000f\000i\000c\000a\000c\000i\000\363\000n\000\040\000d\000e\000\040\000S\000e\000r\000v\000i\000c\000i\000o\000s\000\040\000U\000t\000i\000l\000i\000z\000a\000d\000o\000s}{}% 21
\BOOKMARK [1][-]{section.3.1}{\376\377\000M\000o\000t\000o\000r\000\040\000G\000r\000\341\000f\000i\000c\000o}{chapter.3}% 22
\BOOKMARK [2][-]{subsection.3.1.1}{\376\377\000P\000r\000o\000b\000l\000e\000m\000a\000\040\000y\000\040\000A\000l\000t\000e\000r\000n\000a\000t\000i\000v\000a\000s}{section.3.1}% 23
\BOOKMARK [2][-]{subsection.3.1.2}{\376\377\000U\000n\000i\000t\000y}{section.3.1}% 24
\BOOKMARK [2][-]{subsection.3.1.3}{\376\377\000C\000o\000n\000t\000r\000o\000l\000\040\000d\000e\000\040\000V\000e\000r\000s\000i\000o\000n\000e\000s}{section.3.1}% 25
\BOOKMARK [1][-]{section.3.2}{\376\377\000D\000i\000s\000p\000o\000s\000i\000t\000i\000v\000o\000s\000\040\000h\000\341\000p\000t\000i\000c\000o\000s}{chapter.3}% 26
\BOOKMARK [2][-]{subsection.3.2.1}{\376\377\000P\000r\000o\000b\000l\000e\000m\000a\000\040\000y\000\040\000A\000l\000t\000e\000r\000n\000a\000t\000i\000v\000a\000s}{section.3.2}% 27
\BOOKMARK [2][-]{subsection.3.2.2}{\376\377\000T\000o\000u\000c\000h\000\040\000X}{section.3.2}% 28
\BOOKMARK [1][-]{section.3.3}{\376\377\000R\000o\000b\000o\000t\000s\000\040\000C\000o\000l\000a\000b\000o\000r\000a\000t\000i\000v\000o\000s}{chapter.3}% 29
\BOOKMARK [2][-]{subsection.3.3.1}{\376\377\000P\000r\000o\000b\000l\000e\000m\000a\000\040\000y\000\040\000A\000l\000t\000e\000r\000n\000a\000t\000i\000v\000a\000s}{section.3.3}% 30
\BOOKMARK [2][-]{subsection.3.3.2}{\376\377\000B\000a\000x\000t\000e\000r}{section.3.3}% 31
\BOOKMARK [0][-]{chapter.4}{\376\377\000D\000i\000s\000e\000\361\000o\000\040\000e\000\040\000i\000m\000p\000l\000e\000m\000e\000n\000t\000a\000c\000i\000\363\000n}{}% 32
\BOOKMARK [1][-]{section.4.1}{\376\377\000E\000n\000t\000o\000r\000n\000o\000\040\000d\000e\000\040\000T\000r\000a\000b\000a\000j\000o\000\040\000c\000o\000n\000\040\000B\000a\000x\000t\000e\000r}{chapter.4}% 33
\BOOKMARK [2][-]{subsection.4.1.1}{\376\377\000I\000n\000i\000c\000i\000a\000l\000i\000z\000a\000c\000i\000\363\000n\000\040\000d\000e\000l\000\040\000E\000n\000t\000o\000r\000n\000o}{section.4.1}% 34
\BOOKMARK [2][-]{subsection.4.1.2}{\376\377\000M\000e\000t\000o\000d\000o\000l\000o\000g\000\355\000a\000\040\000d\000e\000\040\000C\000o\000n\000t\000r\000o\000l}{section.4.1}% 35
\BOOKMARK [2][-]{subsection.4.1.3}{\376\377\000A\000P\000I\000\040\000B\000a\000x\000t\000e\000r\000\040\000\050\000R\000O\000S\000\051}{section.4.1}% 36
\BOOKMARK [1][-]{section.4.2}{\376\377\000E\000n\000t\000o\000r\000n\000o\000\040\000d\000e\000\040\000T\000r\000a\000b\000a\000j\000o\000\040\000c\000o\000n\000\040\000T\000o\000u\000c\000h\000\040\000X}{chapter.4}% 37
\BOOKMARK [2][-]{subsection.4.2.1}{\376\377\000I\000n\000i\000c\000i\000a\000l\000i\000z\000a\000c\000i\000\363\000n\000\040\000d\000e\000l\000\040\000E\000n\000t\000o\000r\000n\000o}{section.4.2}% 38
\BOOKMARK [2][-]{subsection.4.2.2}{\376\377\000M\000e\000t\000o\000d\000o\000l\000o\000g\000\355\000a\000\040\000d\000e\000\040\000C\000o\000n\000t\000r\000o\000l}{section.4.2}% 39
\BOOKMARK [2][-]{subsection.4.2.3}{\376\377\000A\000P\000I\000\040\000O\000p\000e\000n\000H\000a\000p\000t\000i\000c\000s}{section.4.2}% 40
\BOOKMARK [2][-]{subsection.4.2.4}{\376\377\000T\000o\000r\000q\000u\000e}{section.4.2}% 41
\BOOKMARK [0][-]{chapter.5}{\376\377\000R\000e\000s\000u\000l\000t\000a\000d\000o\000s}{}% 42
\BOOKMARK [1][-]{section.5.1}{\376\377\000B\000e\000n\000c\000h\000m\000a\000r\000k\000s}{chapter.5}% 43
\BOOKMARK [2][-]{subsection.5.1.1}{\376\377\000G\000r\000\341\000f\000i\000c\000a\000s\000\040\000d\000e\000\040\000E\000v\000o\000l\000u\000c\000i\000\363\000n\000\040\000d\000e\000l\000\040\000M\000o\000m\000e\000n\000t\000o}{section.5.1}% 44
\BOOKMARK [2][-]{subsection.5.1.2}{\376\377\000G\000r\000\341\000f\000i\000c\000a\000s\000\040\000d\000e\000\040\000E\000v\000o\000l\000u\000c\000i\000\363\000n\000\040\000d\000e\000\040\000T\000o\000r\000q\000u\000e\000\040\000e\000n\000\040\000C\000o\000l\000i\000s\000i\000\363\000n}{section.5.1}% 45
\BOOKMARK [0][-]{chapter.6}{\376\377\000C\000o\000n\000c\000l\000u\000s\000i\000o\000n\000e\000s}{}% 46
\BOOKMARK [1][-]{section.6.1}{\376\377\000D\000i\000s\000c\000u\000s\000i\000\363\000n\000\040\000C\000r\000\355\000t\000i\000c\000a\000\040\000d\000e\000\040\000l\000o\000s\000\040\000R\000e\000s\000u\000l\000t\000a\000d\000o\000s\000\040\000y\000\040\000R\000e\000v\000i\000s\000i\000\363\000n\000\040\000d\000e\000\040\000O\000b\000j\000e\000t\000i\000v\000o\000s}{chapter.6}% 47
\BOOKMARK [1][-]{section.6.2}{\376\377\000T\000r\000a\000b\000a\000j\000o\000\040\000F\000u\000t\000u\000r\000o}{chapter.6}% 48
