This is pdfTeX, Version 3.141592653-2.6-1.40.23 (TeX Live 2021/W32TeX) (preloaded format=pdflatex 2021.9.2)  5 SEP 2021 19:55
entering extended mode
 \write18 enabled.
 %&-line parsing enabled.
**proyecto.tex
(./proyecto.tex
LaTeX2e <2021-06-01> patch level 1
L3 programming layer <2021-08-27>
(c:/texlive/2021/texmf-dist/tex/latex/base/book.cls
Document Class: book 2021/02/12 v1.4n Standard LaTeX document class
(c:/texlive/2021/texmf-dist/tex/latex/base/bk11.clo
File: bk11.clo 2021/02/12 v1.4n Standard LaTeX file (size option)
)
\c@part=\count182
\c@chapter=\count183
\c@section=\count184
\c@subsection=\count185
\c@subsubsection=\count186
\c@paragraph=\count187
\c@subparagraph=\count188
\c@figure=\count189
\c@table=\count190
\abovecaptionskip=\skip47
\belowcaptionskip=\skip48
\bibindent=\dimen138
)
(c:/texlive/2021/texmf-dist/tex/latex/listings/listings.sty
(c:/texlive/2021/texmf-dist/tex/latex/graphics/keyval.sty
Package: keyval 2014/10/28 v1.15 key=value parser (DPC)
\KV@toks@=\toks16
)
\lst@mode=\count191
\lst@gtempboxa=\box50
\lst@token=\toks17
\lst@length=\count192
\lst@currlwidth=\dimen139
\lst@column=\count193
\lst@pos=\count194
\lst@lostspace=\dimen140
\lst@width=\dimen141
\lst@newlines=\count195
\lst@lineno=\count196
\lst@maxwidth=\dimen142

(c:/texlive/2021/texmf-dist/tex/latex/listings/lstmisc.sty
File: lstmisc.sty 2020/03/24 1.8d (Carsten Heinz)
\c@lstnumber=\count197
\lst@skipnumbers=\count198
\lst@framebox=\box51
)
(c:/texlive/2021/texmf-dist/tex/latex/listings/listings.cfg
File: listings.cfg 2020/03/24 1.8d listings configuration
))
Package: listings 2020/03/24 1.8d (Carsten Heinz)

(c:/texlive/2021/texmf-dist/tex/latex/base/inputenc.sty
Package: inputenc 2021/02/14 v1.3d Input encoding file
\inpenc@prehook=\toks18
\inpenc@posthook=\toks19
)
(c:/texlive/2021/texmf-dist/tex/generic/babel/babel.sty
Package: babel 2021/07/22 3.63 The Babel package

(c:/texlive/2021/texmf-dist/tex/generic/babel/babel.def
File: babel.def 2021/07/22 3.63 Babel common definitions
\babel@savecnt=\count199
\U@D=\dimen143
\l@unhyphenated=\language87

(c:/texlive/2021/texmf-dist/tex/generic/babel/txtbabel.def)
\bbl@readstream=\read2
)
\bbl@dirlevel=\count266

(c:/texlive/2021/texmf-dist/tex/generic/babel-spanish/spanish.ldf
Language: spanish.ldf 2021/05/27 v5.0q Spanish support from the babel system
\es@quottoks=\toks20
\es@quotdepth=\count267
Package babel Info: Making " an active character on input line 570.
Package babel Info: Making . an active character on input line 675.
Package babel Info: Making < an active character on input line 722.
Package babel Info: Making > an active character on input line 722.
))
(c:/texlive/2021/texmf-dist/tex/latex/geometry/geometry.sty
Package: geometry 2020/01/02 v5.9 Page Geometry

(c:/texlive/2021/texmf-dist/tex/generic/iftex/ifvtex.sty
Package: ifvtex 2019/10/25 v1.7 ifvtex legacy package. Use iftex instead.

(c:/texlive/2021/texmf-dist/tex/generic/iftex/iftex.sty
Package: iftex 2020/03/06 v1.0d TeX engine tests
))
\Gm@cnth=\count268
\Gm@cntv=\count269
\c@Gm@tempcnt=\count270
\Gm@bindingoffset=\dimen144
\Gm@wd@mp=\dimen145
\Gm@odd@mp=\dimen146
\Gm@even@mp=\dimen147
\Gm@layoutwidth=\dimen148
\Gm@layoutheight=\dimen149
\Gm@layouthoffset=\dimen150
\Gm@layoutvoffset=\dimen151
\Gm@dimlist=\toks21
)
(c:/texlive/2021/texmf-dist/tex/latex/svg/svg.sty
Package: svg 2020/11/26 v2.02k (include SVG pictures)

(c:/texlive/2021/texmf-dist/tex/latex/koma-script/scrbase.sty
Package: scrbase 2021/06/25 v3.34 KOMA-Script package (KOMA-Script-independent 
basics and keyval usage)

(c:/texlive/2021/texmf-dist/tex/latex/koma-script/scrlfile.sty
Package: scrlfile 2021/06/25 v3.34 KOMA-Script package (file load hooks)

(c:/texlive/2021/texmf-dist/tex/latex/koma-script/scrlfile-hook.sty
Package: scrlfile-hook 2021/06/25 v3.34 KOMA-Script package (using LaTeX hooks)


(c:/texlive/2021/texmf-dist/tex/latex/koma-script/scrlogo.sty
Package: scrlogo 2021/06/25 v3.34 KOMA-Script package (logo)
)))
Applying: [2021/05/01] Usage of raw or classic option list on input line 252.
Already applied: [0000/00/00] Usage of raw or classic option list on input line
 368.
)
(c:/texlive/2021/texmf-dist/tex/generic/pdftexcmds/pdftexcmds.sty
Package: pdftexcmds 2020-06-27 v0.33 Utility functions of pdfTeX for LuaTeX (HO
)

(c:/texlive/2021/texmf-dist/tex/generic/infwarerr/infwarerr.sty
Package: infwarerr 2019/12/03 v1.5 Providing info/warning/error messages (HO)
)
(c:/texlive/2021/texmf-dist/tex/generic/ltxcmds/ltxcmds.sty
Package: ltxcmds 2020-05-10 v1.25 LaTeX kernel commands for general use (HO)
)
Package pdftexcmds Info: \pdf@primitive is available.
Package pdftexcmds Info: \pdf@ifprimitive is available.
Package pdftexcmds Info: \pdfdraftmode found.
)
(c:/texlive/2021/texmf-dist/tex/latex/trimspaces/trimspaces.sty
Package: trimspaces 2009/09/17 v1.1 Trim spaces around a token list
)
(c:/texlive/2021/texmf-dist/tex/latex/graphics/graphicx.sty
Package: graphicx 2020/12/05 v1.2c Enhanced LaTeX Graphics (DPC,SPQR)

(c:/texlive/2021/texmf-dist/tex/latex/graphics/graphics.sty
Package: graphics 2021/03/04 v1.4d Standard LaTeX Graphics (DPC,SPQR)

(c:/texlive/2021/texmf-dist/tex/latex/graphics/trig.sty
Package: trig 2016/01/03 v1.10 sin cos tan (DPC)
)
(c:/texlive/2021/texmf-dist/tex/latex/graphics-cfg/graphics.cfg
File: graphics.cfg 2016/06/04 v1.11 sample graphics configuration
)
Package graphics Info: Driver file: pdftex.def on input line 107.

(c:/texlive/2021/texmf-dist/tex/latex/graphics-def/pdftex.def
File: pdftex.def 2020/10/05 v1.2a Graphics/color driver for pdftex
))
\Gin@req@height=\dimen152
\Gin@req@width=\dimen153
)
(c:/texlive/2021/texmf-dist/tex/latex/tools/shellesc.sty
Package: shellesc 2019/11/08 v1.0c unified shell escape interface for LaTeX
Package shellesc Info: Unrestricted shell escape enabled on input line 75.
)
(c:/texlive/2021/texmf-dist/tex/latex/ifplatform/ifplatform.sty
Package: ifplatform 2017/10/13 v0.4a Testing for the operating system

(c:/texlive/2021/texmf-dist/tex/generic/catchfile/catchfile.sty
Package: catchfile 2019/12/09 v1.8 Catch the contents of a file (HO)

(c:/texlive/2021/texmf-dist/tex/generic/etexcmds/etexcmds.sty
Package: etexcmds 2019/12/15 v1.7 Avoid name clashes with e-TeX commands (HO)
))
(c:/texlive/2021/texmf-dist/tex/generic/iftex/ifluatex.sty
Package: ifluatex 2019/10/25 v1.5 ifluatex legacy package. Use iftex instead.
))
\c@svg@param@lastpage=\count271
\svg@box=\box52
\c@svg@param@currpage=\count272
)
(c:/texlive/2021/texmf-dist/tex/latex/xcolor/xcolor.sty
Package: xcolor 2016/05/11 v2.12 LaTeX color extensions (UK)

(c:/texlive/2021/texmf-dist/tex/latex/graphics-cfg/color.cfg
File: color.cfg 2016/01/02 v1.6 sample color configuration
)
Package xcolor Info: Driver file: pdftex.def on input line 225.
Package xcolor Info: Model `cmy' substituted by `cmy0' on input line 1348.
Package xcolor Info: Model `hsb' substituted by `rgb' on input line 1352.
Package xcolor Info: Model `RGB' extended on input line 1364.
Package xcolor Info: Model `HTML' substituted by `rgb' on input line 1366.
Package xcolor Info: Model `Hsb' substituted by `hsb' on input line 1367.
Package xcolor Info: Model `tHsb' substituted by `hsb' on input line 1368.
Package xcolor Info: Model `HSB' substituted by `hsb' on input line 1369.
Package xcolor Info: Model `Gray' substituted by `gray' on input line 1370.
Package xcolor Info: Model `wave' substituted by `hsb' on input line 1371.
)
(c:/texlive/2021/texmf-dist/tex/latex/transparent/transparent.sty
Package: transparent 2019/11/29 v1.4 Transparency via pdfTeX's color stack (HO)


(c:/texlive/2021/texmf-dist/tex/latex/auxhook/auxhook.sty
Package: auxhook 2019-12-17 v1.6 Hooks for auxiliary files (HO)
))
(c:/texlive/2021/texmf-dist/tex/latex/pgf/systemlayer/pgfsys.sty
(c:/texlive/2021/texmf-dist/tex/latex/pgf/utilities/pgfrcs.sty
(c:/texlive/2021/texmf-dist/tex/generic/pgf/utilities/pgfutil-common.tex
\pgfutil@everybye=\toks22
\pgfutil@tempdima=\dimen154
\pgfutil@tempdimb=\dimen155

(c:/texlive/2021/texmf-dist/tex/generic/pgf/utilities/pgfutil-common-lists.tex)
) (c:/texlive/2021/texmf-dist/tex/generic/pgf/utilities/pgfutil-latex.def
\pgfutil@abb=\box53
)
(c:/texlive/2021/texmf-dist/tex/generic/pgf/utilities/pgfrcs.code.tex
(c:/texlive/2021/texmf-dist/tex/generic/pgf/pgf.revision.tex)
Package: pgfrcs 2021/05/15 v3.1.9a (3.1.9a)
))
(c:/texlive/2021/texmf-dist/tex/generic/pgf/systemlayer/pgfsys.code.tex
Package: pgfsys 2021/05/15 v3.1.9a (3.1.9a)

(c:/texlive/2021/texmf-dist/tex/generic/pgf/utilities/pgfkeys.code.tex
\pgfkeys@pathtoks=\toks23
\pgfkeys@temptoks=\toks24

(c:/texlive/2021/texmf-dist/tex/generic/pgf/utilities/pgfkeysfiltered.code.tex
\pgfkeys@tmptoks=\toks25
))
\pgf@x=\dimen156
\pgf@y=\dimen157
\pgf@xa=\dimen158
\pgf@ya=\dimen159
\pgf@xb=\dimen160
\pgf@yb=\dimen161
\pgf@xc=\dimen162
\pgf@yc=\dimen163
\pgf@xd=\dimen164
\pgf@yd=\dimen165
\w@pgf@writea=\write3
\r@pgf@reada=\read3
\c@pgf@counta=\count273
\c@pgf@countb=\count274
\c@pgf@countc=\count275
\c@pgf@countd=\count276
\t@pgf@toka=\toks26
\t@pgf@tokb=\toks27
\t@pgf@tokc=\toks28
\pgf@sys@id@count=\count277
 (c:/texlive/2021/texmf-dist/tex/generic/pgf/systemlayer/pgf.cfg
File: pgf.cfg 2021/05/15 v3.1.9a (3.1.9a)
)
Driver file for pgf: pgfsys-pdftex.def

(c:/texlive/2021/texmf-dist/tex/generic/pgf/systemlayer/pgfsys-pdftex.def
File: pgfsys-pdftex.def 2021/05/15 v3.1.9a (3.1.9a)

(c:/texlive/2021/texmf-dist/tex/generic/pgf/systemlayer/pgfsys-common-pdf.def
File: pgfsys-common-pdf.def 2021/05/15 v3.1.9a (3.1.9a)
)))
(c:/texlive/2021/texmf-dist/tex/generic/pgf/systemlayer/pgfsyssoftpath.code.tex
File: pgfsyssoftpath.code.tex 2021/05/15 v3.1.9a (3.1.9a)
\pgfsyssoftpath@smallbuffer@items=\count278
\pgfsyssoftpath@bigbuffer@items=\count279
)
(c:/texlive/2021/texmf-dist/tex/generic/pgf/systemlayer/pgfsysprotocol.code.tex
File: pgfsysprotocol.code.tex 2021/05/15 v3.1.9a (3.1.9a)
)) (c:/texlive/2021/texmf-dist/tex/latex/amsmath/amsmath.sty
Package: amsmath 2021/04/20 v2.17j AMS math features
\@mathmargin=\skip49

For additional information on amsmath, use the `?' option.
(c:/texlive/2021/texmf-dist/tex/latex/amsmath/amstext.sty
Package: amstext 2000/06/29 v2.01 AMS text

(c:/texlive/2021/texmf-dist/tex/latex/amsmath/amsgen.sty
File: amsgen.sty 1999/11/30 v2.0 generic functions
\@emptytoks=\toks29
\ex@=\dimen166
))
(c:/texlive/2021/texmf-dist/tex/latex/amsmath/amsbsy.sty
Package: amsbsy 1999/11/29 v1.2d Bold Symbols
\pmbraise@=\dimen167
)
(c:/texlive/2021/texmf-dist/tex/latex/amsmath/amsopn.sty
Package: amsopn 2016/03/08 v2.02 operator names
)
\inf@bad=\count280
LaTeX Info: Redefining \frac on input line 234.
\uproot@=\count281
\leftroot@=\count282
LaTeX Info: Redefining \overline on input line 399.
\classnum@=\count283
\DOTSCASE@=\count284
LaTeX Info: Redefining \ldots on input line 496.
LaTeX Info: Redefining \dots on input line 499.
LaTeX Info: Redefining \cdots on input line 620.
\Mathstrutbox@=\box54
\strutbox@=\box55
\big@size=\dimen168
LaTeX Font Info:    Redeclaring font encoding OML on input line 743.
LaTeX Font Info:    Redeclaring font encoding OMS on input line 744.
\macc@depth=\count285
\c@MaxMatrixCols=\count286
\dotsspace@=\muskip16
\c@parentequation=\count287
\dspbrk@lvl=\count288
\tag@help=\toks30
\row@=\count289
\column@=\count290
\maxfields@=\count291
\andhelp@=\toks31
\eqnshift@=\dimen169
\alignsep@=\dimen170
\tagshift@=\dimen171
\tagwidth@=\dimen172
\totwidth@=\dimen173
\lineht@=\dimen174
\@envbody=\toks32
\multlinegap=\skip50
\multlinetaggap=\skip51
\mathdisplay@stack=\toks33
LaTeX Info: Redefining \[ on input line 2923.
LaTeX Info: Redefining \] on input line 2924.
)
(c:/texlive/2021/texmf-dist/tex/latex/eurosym/eurosym.sty
Package: eurosym 1998/08/06 v1.1 European currency symbol ``Euro''
\@eurobox=\box56
)
(c:/texlive/2021/texmf-dist/tex/latex/tools/dcolumn.sty
Package: dcolumn 2014/10/28 v1.06 decimal alignment package (DPC)

(c:/texlive/2021/texmf-dist/tex/latex/tools/array.sty
Package: array 2021/04/20 v2.5e Tabular extension package (FMi)
\col@sep=\dimen175
\ar@mcellbox=\box57
\extrarowheight=\dimen176
\NC@list=\toks34
\extratabsurround=\skip52
\backup@length=\skip53
\ar@cellbox=\box58
))
(c:/texlive/2021/texmf-dist/tex/latex/tools/verbatim.sty
Package: verbatim 2020-07-07 v1.5u LaTeX2e package for verbatim enhancements
\every@verbatim=\toks35
\verbatim@line=\toks36
\verbatim@in@stream=\read4
)
(c:/texlive/2021/texmf-dist/tex/latex/fancyhdr/fancyhdr.sty
Package: fancyhdr 2021/01/28 v4.0.1 Extensive control of page headers and foote
rs
\f@nch@headwidth=\skip54
\f@nch@O@elh=\skip55
\f@nch@O@erh=\skip56
\f@nch@O@olh=\skip57
\f@nch@O@orh=\skip58
\f@nch@O@elf=\skip59
\f@nch@O@erf=\skip60
\f@nch@O@olf=\skip61
\f@nch@O@orf=\skip62
)
(c:/texlive/2021/texmf-dist/tex/latex/tools/afterpage.sty
Package: afterpage 2014/10/28 v1.08 After-Page Package (DPC)
\AP@output=\toks37
\AP@partial=\box59
\AP@footins=\box60
)
(c:/texlive/2021/texmf-dist/tex/latex/ctable/ctable.sty
Package: ctable 2015/10/17 v1.31 ctable package for flexible typesetting of tab
le and figure floats using key/value directives

(c:/texlive/2021/texmf-dist/tex/generic/iftex/ifpdf.sty
Package: ifpdf 2019/10/25 v3.4 ifpdf legacy package. Use iftex instead.
)
(c:/texlive/2021/texmf-dist/tex/latex/etoolbox/etoolbox.sty
Package: etoolbox 2020/10/05 v2.5k e-TeX tools for LaTeX (JAW)
\etb@tempcnta=\count292
)
(c:/texlive/2021/texmf-dist/tex/latex/xkeyval/xkeyval.sty
Package: xkeyval 2020/11/20 v2.8 package option processing (HA)

(c:/texlive/2021/texmf-dist/tex/generic/xkeyval/xkeyval.tex
(c:/texlive/2021/texmf-dist/tex/generic/xkeyval/xkvutils.tex
\XKV@toks=\toks38
\XKV@tempa@toks=\toks39
)
\XKV@depth=\count293
File: xkeyval.tex 2014/12/03 v2.7a key=value parser (HA)
))
(c:/texlive/2021/texmf-dist/tex/latex/tools/tabularx.sty
Package: tabularx 2020/01/15 v2.11c `tabularx' package (DPC)
\TX@col@width=\dimen177
\TX@old@table=\dimen178
\TX@old@col=\dimen179
\TX@target=\dimen180
\TX@delta=\dimen181
\TX@cols=\count294
\TX@ftn=\toks40
)
(c:/texlive/2021/texmf-dist/tex/latex/booktabs/booktabs.sty
Package: booktabs 2020/01/12 v1.61803398 Publication quality tables
\heavyrulewidth=\dimen182
\lightrulewidth=\dimen183
\cmidrulewidth=\dimen184
\belowrulesep=\dimen185
\belowbottomsep=\dimen186
\aboverulesep=\dimen187
\abovetopsep=\dimen188
\cmidrulesep=\dimen189
\cmidrulekern=\dimen190
\defaultaddspace=\dimen191
\@cmidla=\count295
\@cmidlb=\count296
\@aboverulesep=\dimen192
\@belowrulesep=\dimen193
\@thisruleclass=\count297
\@lastruleclass=\count298
\@thisrulewidth=\dimen194
)
(c:/texlive/2021/texmf-dist/tex/latex/graphics/rotating.sty
Package: rotating 2016/08/11 v2.16d rotated objects in LaTeX

(c:/texlive/2021/texmf-dist/tex/latex/base/ifthen.sty
Package: ifthen 2020/11/24 v1.1c Standard LaTeX ifthen package (DPC)
)
\c@r@tfl@t=\count299
\rotFPtop=\skip63
\rotFPbot=\skip64
\rot@float@box=\box61
\rot@mess@toks=\toks41
)
\@CTframesep=\dimen195
\@dfltCTframesep=\dimen196
\@CTframerule=\dimen197
\@dfltCTframerule=\dimen198
\@CTwidth=\dimen199
\@dfltCTwidth=\dimen256
\@CTcaptionskip=\dimen257
\@dfltCTcaptionskip=\dimen258
\@CTmaxwidth=\dimen259
\@dfltCTmaxwidth=\dimen260
\@CTmincapwidth=\dimen261
\@dfltCTmincapwidth=\dimen262
\@CTfooterwidth=\dimen263
\@dfltCTfooterwidth=\dimen264
\@CTw=\dimen265
\@CTfloatwidth=\dimen266
\@CToldsep=\dimen267
\@CToldrule=\dimen268
\CT@t=\box62
\@CTcurftwidth=\dimen269
)
(c:/texlive/2021/texmf-dist/tex/latex/tools/longtable.sty
Package: longtable 2021-05-07 v4.16 Multi-page Table package (DPC)
\LTleft=\skip65
\LTright=\skip66
\LTpre=\skip67
\LTpost=\skip68
\LTchunksize=\count300
\LTcapwidth=\dimen270
\LT@head=\box63
\LT@firsthead=\box64
\LT@foot=\box65
\LT@lastfoot=\box66
\LT@gbox=\box67
\LT@cols=\count301
\LT@rows=\count302
\c@LT@tables=\count303
\c@LT@chunks=\count304
\LT@p@ftn=\toks42
)
(c:/texlive/2021/texmf-dist/tex/latex/hyperref/hyperref.sty
Package: hyperref 2021-06-07 v7.00m Hypertext links for LaTeX

(c:/texlive/2021/texmf-dist/tex/generic/kvsetkeys/kvsetkeys.sty
Package: kvsetkeys 2019/12/15 v1.18 Key value parser (HO)
)
(c:/texlive/2021/texmf-dist/tex/generic/kvdefinekeys/kvdefinekeys.sty
Package: kvdefinekeys 2019-12-19 v1.6 Define keys (HO)
)
(c:/texlive/2021/texmf-dist/tex/generic/pdfescape/pdfescape.sty
Package: pdfescape 2019/12/09 v1.15 Implements pdfTeX's escape features (HO)
)
(c:/texlive/2021/texmf-dist/tex/latex/hycolor/hycolor.sty
Package: hycolor 2020-01-27 v1.10 Color options for hyperref/bookmark (HO)
)
(c:/texlive/2021/texmf-dist/tex/latex/letltxmacro/letltxmacro.sty
Package: letltxmacro 2019/12/03 v1.6 Let assignment for LaTeX macros (HO)
)
(c:/texlive/2021/texmf-dist/tex/latex/kvoptions/kvoptions.sty
Package: kvoptions 2020-10-07 v3.14 Key value format for package options (HO)
)
\@linkdim=\dimen271
\Hy@linkcounter=\count305
\Hy@pagecounter=\count306

(c:/texlive/2021/texmf-dist/tex/latex/hyperref/pd1enc.def
File: pd1enc.def 2021-06-07 v7.00m Hyperref: PDFDocEncoding definition (HO)
Now handling font encoding PD1 ...
... no UTF-8 mapping file for font encoding PD1
)
(c:/texlive/2021/texmf-dist/tex/latex/hyperref/hyperref-langpatches.def
File: hyperref-langpatches.def 2021-06-07 v7.00m Hyperref: patches for babel la
nguages
)
(c:/texlive/2021/texmf-dist/tex/generic/intcalc/intcalc.sty
Package: intcalc 2019/12/15 v1.3 Expandable calculations with integers (HO)
)
\Hy@SavedSpaceFactor=\count307

(c:/texlive/2021/texmf-dist/tex/latex/hyperref/puenc.def
File: puenc.def 2021-06-07 v7.00m Hyperref: PDF Unicode definition (HO)
Now handling font encoding PU ...
... no UTF-8 mapping file for font encoding PU
)

Package hyperref Warning: Invalid value `000'
(hyperref)                for option `pdfborder'.
(hyperref)                Option setting is ignored on input line 4073.

Package hyperref Info: Hyper figures OFF on input line 4192.
Package hyperref Info: Link nesting OFF on input line 4197.
Package hyperref Info: Hyper index ON on input line 4200.
Package hyperref Info: Plain pages OFF on input line 4207.
Package hyperref Info: Backreferencing OFF on input line 4212.
Package hyperref Info: Implicit mode ON; LaTeX internals redefined.
Package hyperref Info: Bookmarks ON on input line 4445.
\c@Hy@tempcnt=\count308
(c:/texlive/2021/texmf-dist/tex/latex/url/url.sty
\Urlmuskip=\muskip17
Package: url 2013/09/16  ver 3.4  Verb mode for urls, etc.
)
LaTeX Info: Redefining \url on input line 4804.
\XeTeXLinkMargin=\dimen272

(c:/texlive/2021/texmf-dist/tex/generic/bitset/bitset.sty
Package: bitset 2019/12/09 v1.3 Handle bit-vector datatype (HO)

(c:/texlive/2021/texmf-dist/tex/generic/bigintcalc/bigintcalc.sty
Package: bigintcalc 2019/12/15 v1.5 Expandable calculations on big integers (HO
)
))
\Fld@menulength=\count309
\Field@Width=\dimen273
\Fld@charsize=\dimen274
Package hyperref Info: Hyper figures OFF on input line 6076.
Package hyperref Info: Link nesting OFF on input line 6081.
Package hyperref Info: Hyper index ON on input line 6084.
Package hyperref Info: backreferencing OFF on input line 6091.
Package hyperref Info: Link coloring OFF on input line 6096.
Package hyperref Info: Link coloring with OCG OFF on input line 6101.
Package hyperref Info: PDF/A mode OFF on input line 6106.
LaTeX Info: Redefining \ref on input line 6146.
LaTeX Info: Redefining \pageref on input line 6150.

(c:/texlive/2021/texmf-dist/tex/latex/base/atbegshi-ltx.sty
Package: atbegshi-ltx 2021/01/10 v1.0c Emulation of the original atbegshi
package with kernel methods
)
\Hy@abspage=\count310
\c@Item=\count311
\c@Hfootnote=\count312
)
Package hyperref Info: Driver (autodetected): hpdftex.

(c:/texlive/2021/texmf-dist/tex/latex/hyperref/hpdftex.def
File: hpdftex.def 2021-06-07 v7.00m Hyperref driver for pdfTeX

(c:/texlive/2021/texmf-dist/tex/latex/base/atveryend-ltx.sty
Package: atveryend-ltx 2020/08/19 v1.0a Emulation of the original atvery packag
e
with kernel methods
)
\Fld@listcount=\count313
\c@bookmark@seq@number=\count314

(c:/texlive/2021/texmf-dist/tex/latex/rerunfilecheck/rerunfilecheck.sty
Package: rerunfilecheck 2019/12/05 v1.9 Rerun checks for auxiliary files (HO)

(c:/texlive/2021/texmf-dist/tex/generic/uniquecounter/uniquecounter.sty
Package: uniquecounter 2019/12/15 v1.4 Provide unlimited unique counter (HO)
)
Package uniquecounter Info: New unique counter `rerunfilecheck' on input line 2
86.
)
\Hy@SectionHShift=\skip69
)
(c:/texlive/2021/texmf-dist/tex/latex/colortbl/colortbl.sty
Package: colortbl 2020/01/04 v1.0e Color table columns (DPC)
\everycr=\toks43
\minrowclearance=\skip70
)
(c:/texlive/2021/texmf-dist/tex/latex/footmisc/footmisc.sty
Package: footmisc 2011/06/06 v5.5b a miscellany of footnote facilities
\FN@temptoken=\toks44
\footnotemargin=\dimen275
\c@pp@next@reset=\count315
Package footmisc Info: Declaring symbol style bringhurst on input line 855.
Package footmisc Info: Declaring symbol style chicago on input line 863.
Package footmisc Info: Declaring symbol style wiley on input line 872.
Package footmisc Info: Declaring symbol style lamport-robust on input line 883.

Package footmisc Info: Declaring symbol style lamport* on input line 903.
Package footmisc Info: Declaring symbol style lamport*-robust on input line 924
.
)
\c@teorema=\count316
\c@ejemplo=\count317
\c@definicion=\count318

(c:/texlive/2021/texmf-dist/tex/latex/pdfpages/pdfpages.sty
Package: pdfpages 2021/03/06 v0.5t Insert pages of external PDF documents (AM)

(c:/texlive/2021/texmf-dist/tex/latex/tools/calc.sty
Package: calc 2017/05/25 v4.3 Infix arithmetic (KKT,FJ)
\calc@Acount=\count319
\calc@Bcount=\count320
\calc@Adimen=\dimen276
\calc@Bdimen=\dimen277
\calc@Askip=\skip71
\calc@Bskip=\skip72
LaTeX Info: Redefining \setlength on input line 80.
LaTeX Info: Redefining \addtolength on input line 81.
\calc@Ccount=\count321
\calc@Cskip=\skip73
)
(c:/texlive/2021/texmf-dist/tex/latex/eso-pic/eso-pic.sty
Package: eso-pic 2020/10/14 v3.0a eso-pic (RN)
\ESO@tempdima=\dimen278
\ESO@tempdimb=\dimen279
)
\AM@pagewidth=\dimen280
\AM@pageheight=\dimen281
\AM@fboxrule=\dimen282

(c:/texlive/2021/texmf-dist/tex/latex/pdfpages/pppdftex.def
File: pppdftex.def 2021/03/06 v0.5t Pdfpages driver for pdfTeX (AM)
)
\pdfpages@includegraphics@status=\count322
\AM@pagebox=\box68
\AM@global@opts=\toks45
\AM@pagecnt=\count323
\AM@toc@title=\toks46
\c@AM@survey=\count324
\AM@templatesizebox=\box69
)
(c:/texlive/2021/texmf-dist/tex/latex/l3backend/l3backend-pdftex.def
File: l3backend-pdftex.def 2021-08-04 L3 backend support: PDF output (pdfTeX)
\l__color_backend_stack_int=\count325
\l__pdf_internal_box=\box70
)
(./proyecto.aux
LaTeX Info: Redefining \. on input line 26.
LaTeX Info: Redefining \% on input line 26.
)
\openout1 = `proyecto.aux'.

LaTeX Font Info:    Checking defaults for OML/cmm/m/it on input line 186.
LaTeX Font Info:    ... okay on input line 186.
LaTeX Font Info:    Checking defaults for OMS/cmsy/m/n on input line 186.
LaTeX Font Info:    ... okay on input line 186.
LaTeX Font Info:    Checking defaults for OT1/cmr/m/n on input line 186.
LaTeX Font Info:    ... okay on input line 186.
LaTeX Font Info:    Checking defaults for T1/cmr/m/n on input line 186.
LaTeX Font Info:    ... okay on input line 186.
LaTeX Font Info:    Checking defaults for TS1/cmr/m/n on input line 186.
LaTeX Font Info:    ... okay on input line 186.
LaTeX Font Info:    Checking defaults for OMX/cmex/m/n on input line 186.
LaTeX Font Info:    ... okay on input line 186.
LaTeX Font Info:    Checking defaults for U/cmr/m/n on input line 186.
LaTeX Font Info:    ... okay on input line 186.
LaTeX Font Info:    Checking defaults for PD1/pdf/m/n on input line 186.
LaTeX Font Info:    ... okay on input line 186.
LaTeX Font Info:    Checking defaults for PU/pdf/m/n on input line 186.
LaTeX Font Info:    ... okay on input line 186.
\c@lstlisting=\count326
LaTeX Info: Redefining \. on input line 186.
LaTeX Info: Redefining \% on input line 186.

*geometry* driver: auto-detecting
*geometry* detected driver: pdftex
*geometry* verbose mode - [ preamble ] result:
* driver: pdftex
* paper: a4paper
* layout: <same size as paper>
* layoutoffset:(h,v)=(0.0pt,0.0pt)
* modes: twoside 
* h-part:(L,W,R)=(109.54327pt, 378.42133pt, 109.54327pt)
* v-part:(T,H,B)=(123.76965pt, 597.50754pt, 123.76965pt)
* \paperwidth=597.50787pt
* \paperheight=845.04684pt
* \textwidth=378.42133pt
* \textheight=597.50754pt
* \oddsidemargin=37.27328pt
* \evensidemargin=37.27328pt
* \topmargin=19.62587pt
* \headheight=18.0pt
* \headsep=19.8738pt
* \topskip=11.0pt
* \footskip=27.46295pt
* \marginparwidth=106.0pt
* \marginparsep=7.0pt
* \columnsep=10.0pt
* \skip\footins=10.0pt plus 4.0pt minus 2.0pt
* \hoffset=0.0pt
* \voffset=0.0pt
* \mag=1000
* \@twocolumnfalse
* \@twosidetrue
* \@mparswitchtrue
* \@reversemarginfalse
* (1in=72.27pt=25.4mm, 1cm=28.453pt)

(c:/texlive/2021/texmf-dist/tex/context/base/mkii/supp-pdf.mkii
[Loading MPS to PDF converter (version 2006.09.02).]
\scratchcounter=\count327
\scratchdimen=\dimen283
\scratchbox=\box71
\nofMPsegments=\count328
\nofMParguments=\count329
\everyMPshowfont=\toks47
\MPscratchCnt=\count330
\MPscratchDim=\dimen284
\MPnumerator=\count331
\makeMPintoPDFobject=\count332
\everyMPtoPDFconversion=\toks48
) (c:/texlive/2021/texmf-dist/tex/latex/epstopdf-pkg/epstopdf-base.sty
Package: epstopdf-base 2020-01-24 v2.11 Base part for package epstopdf
Package epstopdf-base Info: Redefining graphics rule for `.eps' on input line 4
85.

(c:/texlive/2021/texmf-dist/tex/latex/latexconfig/epstopdf-sys.cfg
File: epstopdf-sys.cfg 2010/07/13 v1.3 Configuration of (r)epstopdf for TeX Liv
e
))
Package hyperref Info: Link coloring OFF on input line 186.

(c:/texlive/2021/texmf-dist/tex/latex/hyperref/nameref.sty
Package: nameref 2021-04-02 v2.47 Cross-referencing by name of section

(c:/texlive/2021/texmf-dist/tex/latex/refcount/refcount.sty
Package: refcount 2019/12/15 v3.6 Data extraction from label references (HO)
)
(c:/texlive/2021/texmf-dist/tex/generic/gettitlestring/gettitlestring.sty
Package: gettitlestring 2019/12/15 v1.6 Cleanup title references (HO)
)
\c@section@level=\count333
)
LaTeX Info: Redefining \ref on input line 186.
LaTeX Info: Redefining \pageref on input line 186.
LaTeX Info: Redefining \nameref on input line 186.

(./proyecto.out) (./proyecto.out)
\@outlinefile=\write4
\openout4 = `proyecto.out'.


(c:/texlive/2021/texmf-dist/tex/latex/pdflscape/pdflscape.sty
Package: pdflscape 2019/12/05 v0.12 Display of landscape pages in PDF (HO)

(c:/texlive/2021/texmf-dist/tex/latex/graphics/lscape.sty
Package: lscape 2020/05/28 v3.02 Landscape Pages (DPC)
)
Package pdflscape Info: Auto-detected driver: pdftex on input line 81.
)
(./portada/portada.tex
\centeroffset=\skip74
<imagenes/logo_ugr.jpg, id=199, 777.90625pt x 231.86626pt>
File: imagenes/logo_ugr.jpg Graphic file (type jpg)
<use imagenes/logo_ugr.jpg>
Package pdftex.def Info: imagenes/logo_ugr.jpg  used on input line 12.
(pdftex.def)             Requested size: 340.57687pt x 101.51552pt.
<imagenes/etsiit_logo.png, id=200, 110.814pt x 40.4712pt>
File: imagenes/etsiit_logo.png Graphic file (type png)
<use imagenes/etsiit_logo.png>
Package pdftex.def Info: imagenes/etsiit_logo.png  used on input line 31.
(pdftex.def)             Requested size: 113.52754pt x 41.46225pt.
 [1


{c:/texlive/2021/texmf-var/fonts/map/pdftex/updmap/pdftex.map} <./imagenes/logo
_ugr.jpg> <./imagenes/etsiit_logo.png>])
(./prefacios/prefacio.tex [2

] [3] [4

]
Underfull \hbox (badness 10000) in paragraph at lines 22--23

 []


Underfull \hbox (badness 10000) in paragraph at lines 25--26

 []

[5] [6

]
Underfull \hbox (badness 10000) in paragraph at lines 52--53

 []


Underfull \hbox (badness 10000) in paragraph at lines 55--56

 []

[7] [8

]
Underfull \hbox (badness 10000) in paragraph at lines 70--71

 []

<imagenes/firmaDavidHeredia.jpg, id=243, 1139.25626pt x 931.48pt>
File: imagenes/firmaDavidHeredia.jpg Graphic file (type jpg)
<use imagenes/firmaDavidHeredia.jpg>
Package pdftex.def Info: imagenes/firmaDavidHeredia.jpg  used on input line 81.

(pdftex.def)             Requested size: 132.44977pt x 108.29053pt.
[9 <./imagenes/firmaDavidHeredia.jpg>] [10

]
Underfull \hbox (badness 10000) in paragraph at lines 96--97

 []

[11] [12

]) [13] [14

] (./proyecto.toc
LaTeX Info: Redefining \. on input line 1.
LaTeX Info: Redefining \% on input line 1.
 [1

])
\tf@toc=\write5
\openout5 = `proyecto.toc'.



LaTeX Font Warning: Font shape `OT1/cmr/bx/sc' undefined
(Font)              using `OT1/cmr/bx/n' instead on input line 191.


Package spanish Warning: Replacing `OT1/cmr/bx/sc' by 
(spanish)                faked small caps on input line 191.

LaTeX Info: Redefining \. on input line 191.
LaTeX Info: Redefining \% on input line 191.
[2] (./proyecto.lof
LaTeX Info: Redefining \. on input line 1.
LaTeX Info: Redefining \% on input line 1.
 [3

])
\tf@lof=\write6
\openout6 = `proyecto.lof'.



Package spanish Warning: Replacing `OT1/cmr/bx/sc' by 
(spanish)                faked small caps on input line 192.

LaTeX Info: Redefining \. on input line 192.
LaTeX Info: Redefining \% on input line 192.
[4] (./proyecto.lot
LaTeX Info: Redefining \. on input line 1.
LaTeX Info: Redefining \% on input line 1.
)
\tf@lot=\write7
\openout7 = `proyecto.lot'.

 [5

] [6

] (./capitulos/Acronimos.tex)
(./capitulos/01_Introduccion.texpdfTeX warning (ext4): destination with the sam
e identifier (name{page.1}) has been already used, duplicate ignored
<to be read again> 
                   \relax 
l.1 \chapter
            {Introducción} [1

]pdfTeX warning (ext4): destination with the same identifier (name{page.2}) has
 been already used, duplicate ignored
<to be read again> 
                   \relax 
l.1 \chapter
            {Introducción} [2

]
Cap\'{\i }tulo 1.
pdfTeX warning (ext4): destination with the same identifier (name{page.3}) has 
been already used, duplicate ignored
<to be read again> 
                   \relax 
l.16 
      [3]
LaTeX Info: Redefining \. on input line 24.
LaTeX Info: Redefining \% on input line 24.
pdfTeX warning (ext4): destination with the same identifier (name{page.4}) has 
been already used, duplicate ignored
<to be read again> 
                   \relax 
l.24 
      [4]
<imagenes/canadarm2.jpg, id=483, 77.088pt x 115.632pt>
File: imagenes/canadarm2.jpg Graphic file (type jpg)
<use imagenes/canadarm2.jpg>
Package pdftex.def Info: imagenes/canadarm2.jpg  used on input line 29.
(pdftex.def)             Requested size: 94.60533pt x 141.91068pt.
LaTeX Info: Redefining \. on input line 41.
LaTeX Info: Redefining \% on input line 41.
pdfTeX warning (ext4): destination with the same identifier (name{page.5}) has 
been already used, duplicate ignored
<to be read again> 
                   \relax 
l.41 
      [5 <./imagenes/canadarm2.jpg>]
<imagenes/global-energy-substitution.png, id=493, 3412.75pt x 2409.0pt>
File: imagenes/global-energy-substitution.png Graphic file (type png)
<use imagenes/global-energy-substitution.png>
Package pdftex.def Info: imagenes/global-energy-substitution.png  used on input
 line 56.
(pdftex.def)             Requested size: 283.816pt x 200.33292pt.
LaTeX Info: Redefining \. on input line 64.
LaTeX Info: Redefining \% on input line 64.
pdfTeX warning (ext4): destination with the same identifier (name{page.6}) has 
been already used, duplicate ignored
<to be read again> 
                   \relax 
l.64 D
      escrito el contexto que engloba a este estudio, el trabajo de investig...
[6]
LaTeX Info: Redefining \. on input line 75.
LaTeX Info: Redefining \% on input line 75.
pdfTeX warning (ext4): destination with the same identifier (name{page.7}) has 
been already used, duplicate ignored
<to be read again> 
                   \relax 
l.75     \item C
                onseguir conectar el dispositivo háptico con Unity y acto s...
[7 <./imagenes/global-energy-substitution.png>]
<imagenes/DiagramaGantt.png, id=505, 3212.0pt x 2409.0pt>
File: imagenes/DiagramaGantt.png Graphic file (type png)
<use imagenes/DiagramaGantt.png>
Package pdftex.def Info: imagenes/DiagramaGantt.png  used on input line 90.
(pdftex.def)             Requested size: 378.42133pt x 283.81108pt.
LaTeX Info: Redefining \. on input line 97.
LaTeX Info: Redefining \% on input line 97.
pdfTeX warning (ext4): destination with the same identifier (name{page.8}) has 
been already used, duplicate ignored
<to be read again> 
                   \relax 
l.97 T
      ras ello, tratamos de realizar la conexión entre Baxter y Unity, expl...
[8]
Underfull \vbox (badness 10000) has occurred while \output is active []

LaTeX Info: Redefining \. on input line 103.
LaTeX Info: Redefining \% on input line 103.
pdfTeX warning (ext4): destination with the same identifier (name{page.9}) has 
been already used, duplicate ignored
<to be read again> 
                   \relax 
l.103 
       [9 <./imagenes/DiagramaGantt.png (PNG copy)>]
Underfull \hbox (badness 2443) in paragraph at lines 133--133
\OT1/cmr/m/n/10.95 ren-de-ri-za-do y si-mu-la-
 []


Underfull \hbox (badness 1377) in paragraph at lines 134--134
\OT1/cmr/m/n/10.95 trol de Bax-ter y pa-
 []

LaTeX Info: Redefining \. on input line 145.
LaTeX Info: Redefining \% on input line 145.
pdfTeX warning (ext4): destination with the same identifier (name{page.10}) has
 been already used, duplicate ignored
<to be read again> 
                   \relax 
l.145 P
       ara el sueldo del investigador se tiene en cuenta un salario base de ...
[10]) (./capitulos/02_Estado_del_Arte.tex
LaTeX Info: Redefining \. on input line 1.
LaTeX Info: Redefining \% on input line 1.
pdfTeX warning (ext4): destination with the same identifier (name{page.11}) has
 been already used, duplicate ignored
<to be read again> 
                   \relax 
l.1 \chapter
            {Estado del Arte} [11]pdfTeX warning (ext4): destination with the s
ame identifier (name{page.12}) has been already used, duplicate ignored
<to be read again> 
                   \relax 
l.1 \chapter
            {Estado del Arte} [12

]
Cap\'{\i }tulo 2.
pdfTeX warning (ext4): destination with the same identifier (name{page.13}) has
 been already used, duplicate ignored
<to be read again> 
                   \relax 
l.14 
      [13]
<imagenes/Perseverance.jpg, id=528, 1204.5pt x 677.53125pt>
File: imagenes/Perseverance.jpg Graphic file (type jpg)
<use imagenes/Perseverance.jpg>
Package pdftex.def Info: imagenes/Perseverance.jpg  used on input line 22.
(pdftex.def)             Requested size: 189.21066pt x 106.42226pt.
LaTeX Info: Redefining \. on input line 30.
LaTeX Info: Redefining \% on input line 30.
pdfTeX warning (ext4): destination with the same identifier (name{page.14}) has
 been already used, duplicate ignored
<to be read again> 
                   \relax 
l.30 
      [14 <./imagenes/Perseverance.jpg>]
LaTeX Info: Redefining \. on input line 44.
LaTeX Info: Redefining \% on input line 44.
 [15]
LaTeX Info: Redefining \. on input line 65.
LaTeX Info: Redefining \% on input line 65.
 [16]
LaTeX Info: Redefining \. on input line 79.
LaTeX Info: Redefining \% on input line 79.
 [17]
LaTeX Info: Redefining \. on input line 99.
LaTeX Info: Redefining \% on input line 99.
 [18]
LaTeX Info: Redefining \. on input line 117.
LaTeX Info: Redefining \% on input line 117.
 [19]
LaTeX Info: Redefining \. on input line 132.
LaTeX Info: Redefining \% on input line 132.
 [20]
LaTeX Info: Redefining \. on input line 146.
LaTeX Info: Redefining \% on input line 146.
 [21]
LaTeX Info: Redefining \. on input line 165.
LaTeX Info: Redefining \% on input line 165.

[22]
Underfull \vbox (badness 10000) has occurred while \output is active []

LaTeX Info: Redefining \. on input line 182.
LaTeX Info: Redefining \% on input line 182.
 [23]
LaTeX Info: Redefining \. on input line 200.
LaTeX Info: Redefining \% on input line 200.

[24]
<imagenes/Deuterium-tritium_fusion.png, id=658, 501.875pt x 602.25pt>
File: imagenes/Deuterium-tritium_fusion.png Graphic file (type png)
<use imagenes/Deuterium-tritium_fusion.png>
Package pdftex.def Info: imagenes/Deuterium-tritium_fusion.png  used on input l
ine 206.
(pdftex.def)             Requested size: 113.52754pt x 136.22638pt.
LaTeX Info: Redefining \. on input line 216.
LaTeX Info: Redefining \% on input line 216.
 [25 <./imagenes/Deuterium-tritium_fusion.png>]
LaTeX Info: Redefining \. on input line 234.
LaTeX Info: Redefining \% on input line 234.
 [26]
Underfull \vbox (badness 10000) has occurred while \output is active []

LaTeX Info: Redefining \. on input line 249.
LaTeX Info: Redefining \% on input line 249.
 [27])
(./capitulos/03_Especificación_de_Servicios_Utilizados.tex
LaTeX Info: Redefining \. on input line 1.
LaTeX Info: Redefining \% on input line 1.
 [28]
LaTeX Info: Redefining \. on input line 1.
LaTeX Info: Redefining \% on input line 1.
 [29] [30

]
Cap\'{\i }tulo 3.
[31]
LaTeX Info: Redefining \. on input line 36.
LaTeX Info: Redefining \% on input line 36.
 [32]
LaTeX Info: Redefining \. on input line 59.
LaTeX Info: Redefining \% on input line 59.
 [33]
Underfull \hbox (badness 4254) in paragraph at lines 96--97
[]|\OT1/cmr/m/n/10.95 C#, Vi-sual Scrip-ting
 []


Underfull \hbox (badness 10000) in paragraph at lines 102--103
[]|\OT1/cmr/m/n/10.95 Windows, ma-cOS,
 []


Underfull \hbox (badness 10000) in paragraph at lines 102--103
\OT1/cmr/m/n/10.95 Li-nux, Xbox 360,
 []


Underfull \hbox (badness 10000) in paragraph at lines 102--103
\OT1/cmr/m/n/10.95 Xbox One, Wii U,
 []


Underfull \hbox (badness 10000) in paragraph at lines 102--103
\OT1/cmr/m/n/10.95 New 3DS, Nin-ten-do
 []


Underfull \hbox (badness 10000) in paragraph at lines 102--103
\OT1/cmr/m/n/10.95 Switch, PlayS-ta-tion
 []


Underfull \hbox (badness 10000) in paragraph at lines 102--103
\OT1/cmr/m/n/10.95 4, PlayS-ta-tion Vi-ta,
 []


Underfull \hbox (badness 1342) in paragraph at lines 102--103
\OT1/cmr/m/n/10.95 Win-dows Pho-ne, iOS,
 []


Underfull \hbox (badness 10000) in paragraph at lines 102--103
\OT1/cmr/m/n/10.95 An-dro-id, Black-Berry
 []


Underfull \hbox (badness 3375) in paragraph at lines 102--103
\OT1/cmr/m/n/10.95 WebGL, Ocu-lus Rift,
 []


Underfull \hbox (badness 10000) in paragraph at lines 104--105
[]|\OT1/cmr/m/n/10.95 Hearthstone: He-roes
 []

LaTeX Info: Redefining \. on input line 120.
LaTeX Info: Redefining \% on input line 120.
[34]
LaTeX Info: Redefining \. on input line 123.
LaTeX Info: Redefining \% on input line 123.
 [35]
Overfull \hbox (7.83936pt too wide) in paragraph at lines 134--178
 [][] 
 []

LaTeX Info: Redefining \. on input line 184.
LaTeX Info: Redefining \% on input line 184.
[36]
LaTeX Info: Redefining \. on input line 191.
LaTeX Info: Redefining \% on input line 191.
 [37]
LaTeX Info: Redefining \. on input line 234.
LaTeX Info: Redefining \% on input line 234.
 [38]
Overfull \hbox (9.64278pt too wide) in paragraph at lines 241--241
[]|\OT1/cmr/bx/sc/10.95 Dof| 
 []


Overfull \hbox (35.70433pt too wide) in paragraph at lines 239--286
 [][] 
 []

LaTeX Info: Redefining \. on input line 293.
LaTeX Info: Redefining \% on input line 293.
[39]
Underfull \hbox (badness 10000) in paragraph at lines 326--327
[]|\OT1/cmr/m/n/10.95 Procesador prin-ci-pal
 []


Underfull \hbox (badness 2197) in paragraph at lines 328--329
[]|\OT1/cmr/m/n/10.95 Linux OS y soft-wa-re
 []


Underfull \hbox (badness 2261) in paragraph at lines 328--329
\OT1/cmr/m/n/10.95 per-so-na-li-za-do de con-
 []


Underfull \hbox (badness 1867) in paragraph at lines 332--333
[]|\OT1/cmr/m/n/10.95 Aluminio, ter-mopl^^Sasti-
 []


Underfull \vbox (badness 10000) has occurred while \output is active []

LaTeX Info: Redefining \. on input line 339.
LaTeX Info: Redefining \% on input line 339.
 [40])
(./capitulos/04_Diseño_e_Implementación.tex
LaTeX Info: Redefining \. on input line 1.
LaTeX Info: Redefining \% on input line 1.
 [41] [42

]
Cap\'{\i }tulo 4.
[43]
LaTeX Info: Redefining \. on input line 43.
LaTeX Info: Redefining \% on input line 43.
 [44]
LaTeX Info: Redefining \. on input line 60.
LaTeX Info: Redefining \% on input line 60.
 [45]
Underfull \vbox (badness 1028) has occurred while \output is active []

LaTeX Info: Redefining \. on input line 73.
LaTeX Info: Redefining \% on input line 73.
 [46]
LaTeX Info: Redefining \. on input line 86.
LaTeX Info: Redefining \% on input line 86.

[47]
<imagenes/unity_ros.png, id=856, 644.4075pt x 323.2075pt>
File: imagenes/unity_ros.png Graphic file (type png)
<use imagenes/unity_ros.png>
Package pdftex.def Info: imagenes/unity_ros.png  used on input line 95.
(pdftex.def)             Requested size: 283.816pt x 142.35475pt.
LaTeX Info: Redefining \. on input line 109.
LaTeX Info: Redefining \% on input line 109.
 [48 <./imagenes/unity_ros.png>]
LaTeX Info: Redefining \. on input line 131.
LaTeX Info: Redefining \% on input line 131.
 [49]
LaTeX Info: Redefining \. on input line 151.
LaTeX Info: Redefining \% on input line 151.
 [50]
Overfull \hbox (22.71922pt too wide) detected at line 169
\OML/cmm/m/it/10.95 f\OT1/cmr/m/n/10.95 (\OML/cmm/m/it/10.95 x\OT1/cmr/m/n/10.9
5 ) = []
 []

LaTeX Info: Redefining \. on input line 172.
LaTeX Info: Redefining \% on input line 172.
[51]
<imagenes/forceEvolution0.2penetration.png, id=892, 526.96875pt x 395.4775pt>
File: imagenes/forceEvolution0.2penetration.png Graphic file (type png)
<use imagenes/forceEvolution0.2penetration.png>
Package pdftex.def Info: imagenes/forceEvolution0.2penetration.png  used on inp
ut line 176.
(pdftex.def)             Requested size: 170.28844pt x 127.79848pt.
<imagenes/forceEvolution0.3penetration.png, id=893, 526.96875pt x 395.4775pt>
File: imagenes/forceEvolution0.3penetration.png Graphic file (type png)
<use imagenes/forceEvolution0.3penetration.png>
Package pdftex.def Info: imagenes/forceEvolution0.3penetration.png  used on inp
ut line 182.
(pdftex.def)             Requested size: 170.28844pt x 127.79848pt.
LaTeX Info: Redefining \. on input line 197.
LaTeX Info: Redefining \% on input line 197.
 [52 <./imagenes/forceEvolution0.2penetration.png> <./imagenes/forceEvolution0.
3penetration.png>]
LaTeX Info: Redefining \. on input line 208.
LaTeX Info: Redefining \% on input line 208.
 [53]
LaTeX Info: Redefining \. on input line 220.
LaTeX Info: Redefining \% on input line 220.
 [54]
LaTeX Info: Redefining \. on input line 231.
LaTeX Info: Redefining \% on input line 231.
 [55]) (./capitulos/05_Resultados.tex
LaTeX Info: Redefining \. on input line 1.
LaTeX Info: Redefining \% on input line 1.
 [56]
Cap\'{\i }tulo 5.
[57

]
LaTeX Info: Redefining \. on input line 32.
LaTeX Info: Redefining \% on input line 32.
 [58]
<imagenes/Baxter_Grabbing/FrontViewGrabbing.png, id=940, 638.385pt x 452.4403pt
>
File: imagenes/Baxter_Grabbing/FrontViewGrabbing.png Graphic file (type png)
<use imagenes/Baxter_Grabbing/FrontViewGrabbing.png>
Package pdftex.def Info: imagenes/Baxter_Grabbing/FrontViewGrabbing.png  used o
n input line 39.
(pdftex.def)             Requested size: 112.39099pt x 79.64769pt.
<imagenes/Baxter_Grabbing/TopViewGrabbing.png, id=941, 450.18187pt x 409.53pt>
File: imagenes/Baxter_Grabbing/TopViewGrabbing.png Graphic file (type png)
<use imagenes/Baxter_Grabbing/TopViewGrabbing.png>
Package pdftex.def Info: imagenes/Baxter_Grabbing/TopViewGrabbing.png  used on 
input line 44.
(pdftex.def)             Requested size: 99.90416pt x 90.87799pt.
<imagenes/Baxter_Grabbing/LateralViewGrabbing.png, id=942, 411.03563pt x 434.37
282pt>
File: imagenes/Baxter_Grabbing/LateralViewGrabbing.png Graphic file (type png)
<use imagenes/Baxter_Grabbing/LateralViewGrabbing.png>
Package pdftex.def Info: imagenes/Baxter_Grabbing/LateralViewGrabbing.png  used
 on input line 49.
(pdftex.def)             Requested size: 90.0629pt x 95.17125pt.
Package svg Info: Last page of `./svg-inkscape/Movimiento_en_X_frente_a_Tiempo_
svg-tex.pdf' is 1 on input line 62.
 (./svg-inkscape/Movimiento_en_X_frente_a_Tiempo_svg-tex.pdf_tex
<./svg-inkscape/Movimiento_en_X_frente_a_Tiempo_svg-tex.pdf, id=944, page=1, 45
1.6875pt x 279.29344pt>
File: ./svg-inkscape/Movimiento_en_X_frente_a_Tiempo_svg-tex.pdf Graphic file (
type pdf)
<use ./svg-inkscape/Movimiento_en_X_frente_a_Tiempo_svg-tex.pdf, page 1>
Package pdftex.def Info: ./svg-inkscape/Movimiento_en_X_frente_a_Tiempo_svg-tex
.pdf , page1 used on input line 56.
(pdftex.def)             Requested size: 124.87973pt x 77.21718pt.
)
Package svg Info: Last page of `./svg-inkscape/Movimiento_en_Y_frente_a_Tiempo_
svg-tex.pdf' is 1 on input line 67.

(./svg-inkscape/Movimiento_en_Y_frente_a_Tiempo_svg-tex.pdf_tex
<./svg-inkscape/Movimiento_en_Y_frente_a_Tiempo_svg-tex.pdf, id=946, page=1, 45
1.6875pt x 279.29344pt>
File: ./svg-inkscape/Movimiento_en_Y_frente_a_Tiempo_svg-tex.pdf Graphic file (
type pdf)
<use ./svg-inkscape/Movimiento_en_Y_frente_a_Tiempo_svg-tex.pdf, page 1>
Package pdftex.def Info: ./svg-inkscape/Movimiento_en_Y_frente_a_Tiempo_svg-tex
.pdf , page1 used on input line 56.
(pdftex.def)             Requested size: 124.87973pt x 77.21718pt.
)
Package svg Info: Last page of `./svg-inkscape/Movimiento_en_Z_frente_a_Tiempo_
svg-tex.pdf' is 1 on input line 72.

(./svg-inkscape/Movimiento_en_Z_frente_a_Tiempo_svg-tex.pdf_tex
<./svg-inkscape/Movimiento_en_Z_frente_a_Tiempo_svg-tex.pdf, id=948, page=1, 45
1.6875pt x 279.29344pt>
File: ./svg-inkscape/Movimiento_en_Z_frente_a_Tiempo_svg-tex.pdf Graphic file (
type pdf)
<use ./svg-inkscape/Movimiento_en_Z_frente_a_Tiempo_svg-tex.pdf, page 1>
Package pdftex.def Info: ./svg-inkscape/Movimiento_en_Z_frente_a_Tiempo_svg-tex
.pdf , page1 used on input line 56.
(pdftex.def)             Requested size: 124.87973pt x 77.21718pt.
)
Package svg Info: Last page of `./svg-inkscape/Movimiento_en_X_Media_ponderada_
con_1_svg-tex.pdf' is 1 on input line 91.

(./svg-inkscape/Movimiento_en_X_Media_ponderada_con_1_svg-tex.pdf_tex
<./svg-inkscape/Movimiento_en_X_Media_ponderada_con_1_svg-tex.pdf, id=953, page
=1, 451.6875pt x 279.29344pt>
File: ./svg-inkscape/Movimiento_en_X_Media_ponderada_con_1_svg-tex.pdf Graphic 
file (type pdf)
<use ./svg-inkscape/Movimiento_en_X_Media_ponderada_con_1_svg-tex.pdf, page 1>
Package pdftex.def Info: ./svg-inkscape/Movimiento_en_X_Media_ponderada_con_1_s
vg-tex.pdf , page1 used on input line 56.
(pdftex.def)             Requested size: 124.87973pt x 77.21718pt.
)
Package svg Info: Last page of `./svg-inkscape/Movimiento_en_Y_Media_ponderada_
con_1_svg-tex.pdf' is 1 on input line 95.

(./svg-inkscape/Movimiento_en_Y_Media_ponderada_con_1_svg-tex.pdf_tex
<./svg-inkscape/Movimiento_en_Y_Media_ponderada_con_1_svg-tex.pdf, id=955, page
=1, 451.6875pt x 279.29344pt>
File: ./svg-inkscape/Movimiento_en_Y_Media_ponderada_con_1_svg-tex.pdf Graphic 
file (type pdf)
<use ./svg-inkscape/Movimiento_en_Y_Media_ponderada_con_1_svg-tex.pdf, page 1>
Package pdftex.def Info: ./svg-inkscape/Movimiento_en_Y_Media_ponderada_con_1_s
vg-tex.pdf , page1 used on input line 56.
(pdftex.def)             Requested size: 124.87973pt x 77.21718pt.
)
Package svg Info: Last page of `./svg-inkscape/Movimiento_en_Z_Media_ponderada_
con_1_svg-tex.pdf' is 1 on input line 99.

(./svg-inkscape/Movimiento_en_Z_Media_ponderada_con_1_svg-tex.pdf_tex
<./svg-inkscape/Movimiento_en_Z_Media_ponderada_con_1_svg-tex.pdf, id=957, page
=1, 451.6875pt x 279.29344pt>
File: ./svg-inkscape/Movimiento_en_Z_Media_ponderada_con_1_svg-tex.pdf Graphic 
file (type pdf)
<use ./svg-inkscape/Movimiento_en_Z_Media_ponderada_con_1_svg-tex.pdf, page 1>
Package pdftex.def Info: ./svg-inkscape/Movimiento_en_Z_Media_ponderada_con_1_s
vg-tex.pdf , page1 used on input line 56.
(pdftex.def)             Requested size: 124.87973pt x 77.21718pt.
)
LaTeX Info: Redefining \. on input line 104.
LaTeX Info: Redefining \% on input line 104.
 [59 <./imagenes/Baxter_Grabbing/FrontViewGrabbing.png> <./imagenes/Baxter_Grab
bing/TopViewGrabbing.png> <./imagenes/Baxter_Grabbing/LateralViewGrabbing.png> 
<./svg-inkscape/Movimiento_en_X_frente_a_Tiempo_svg-tex.pdf> <./svg-inkscape/Mo
vimiento_en_Y_frente_a_Tiempo_svg-tex.pdf

pdfTeX warning: pdflatex.exe (file ./svg-inkscape/Movimiento_en_Y_frente_a_Tiem
po_svg-tex.pdf): PDF inclusion: multiple pdfs with page group included in a sin
gle page
> <./svg-inkscape/Movimiento_en_Z_frente_a_Tiempo_svg-tex.pdf

pdfTeX warning: pdflatex.exe (file ./svg-inkscape/Movimiento_en_Z_frente_a_Tiem
po_svg-tex.pdf): PDF inclusion: multiple pdfs with page group included in a sin
gle page
>]
Package svg Info: Last page of `./svg-inkscape/Movimiento_en_X_Media_ponderada_
con_2_svg-tex.pdf' is 1 on input line 110.
 (./svg-inkscape/Movimiento_en_X_Media_ponderada_con_2_svg-tex.pdf_tex
<./svg-inkscape/Movimiento_en_X_Media_ponderada_con_2_svg-tex.pdf, id=10045, pa
ge=1, 451.6875pt x 279.29344pt>
File: ./svg-inkscape/Movimiento_en_X_Media_ponderada_con_2_svg-tex.pdf Graphic 
file (type pdf)
<use ./svg-inkscape/Movimiento_en_X_Media_ponderada_con_2_svg-tex.pdf, page 1>
Package pdftex.def Info: ./svg-inkscape/Movimiento_en_X_Media_ponderada_con_2_s
vg-tex.pdf , page1 used on input line 56.
(pdftex.def)             Requested size: 124.87973pt x 77.21718pt.
)
Package svg Info: Last page of `./svg-inkscape/Movimiento_en_Y_Media_ponderada_
con_2_svg-tex.pdf' is 1 on input line 114.

(./svg-inkscape/Movimiento_en_Y_Media_ponderada_con_2_svg-tex.pdf_tex
<./svg-inkscape/Movimiento_en_Y_Media_ponderada_con_2_svg-tex.pdf, id=10047, pa
ge=1, 451.6875pt x 279.29344pt>
File: ./svg-inkscape/Movimiento_en_Y_Media_ponderada_con_2_svg-tex.pdf Graphic 
file (type pdf)
<use ./svg-inkscape/Movimiento_en_Y_Media_ponderada_con_2_svg-tex.pdf, page 1>
Package pdftex.def Info: ./svg-inkscape/Movimiento_en_Y_Media_ponderada_con_2_s
vg-tex.pdf , page1 used on input line 56.
(pdftex.def)             Requested size: 124.87973pt x 77.21718pt.
)
Package svg Info: Last page of `./svg-inkscape/Movimiento_en_Z_Media_ponderada_
con_2_svg-tex.pdf' is 1 on input line 118.

(./svg-inkscape/Movimiento_en_Z_Media_ponderada_con_2_svg-tex.pdf_tex
<./svg-inkscape/Movimiento_en_Z_Media_ponderada_con_2_svg-tex.pdf, id=10049, pa
ge=1, 451.6875pt x 279.29344pt>
File: ./svg-inkscape/Movimiento_en_Z_Media_ponderada_con_2_svg-tex.pdf Graphic 
file (type pdf)
<use ./svg-inkscape/Movimiento_en_Z_Media_ponderada_con_2_svg-tex.pdf, page 1>
Package pdftex.def Info: ./svg-inkscape/Movimiento_en_Z_Media_ponderada_con_2_s
vg-tex.pdf , page1 used on input line 56.
(pdftex.def)             Requested size: 124.87973pt x 77.21718pt.
)
Package svg Info: Last page of `./svg-inkscape/Movimiento_en_X_Media_ponderada_
con_4_svg-tex.pdf' is 1 on input line 129.

(./svg-inkscape/Movimiento_en_X_Media_ponderada_con_4_svg-tex.pdf_tex
<./svg-inkscape/Movimiento_en_X_Media_ponderada_con_4_svg-tex.pdf, id=10054, pa
ge=1, 451.6875pt x 279.29344pt>
File: ./svg-inkscape/Movimiento_en_X_Media_ponderada_con_4_svg-tex.pdf Graphic 
file (type pdf)
<use ./svg-inkscape/Movimiento_en_X_Media_ponderada_con_4_svg-tex.pdf, page 1>
Package pdftex.def Info: ./svg-inkscape/Movimiento_en_X_Media_ponderada_con_4_s
vg-tex.pdf , page1 used on input line 56.
(pdftex.def)             Requested size: 124.87973pt x 77.21718pt.
)
Package svg Info: Last page of `./svg-inkscape/Movimiento_en_Y_Media_ponderada_
con_4_svg-tex.pdf' is 1 on input line 133.

(./svg-inkscape/Movimiento_en_Y_Media_ponderada_con_4_svg-tex.pdf_tex
<./svg-inkscape/Movimiento_en_Y_Media_ponderada_con_4_svg-tex.pdf, id=10056, pa
ge=1, 451.6875pt x 279.29344pt>
File: ./svg-inkscape/Movimiento_en_Y_Media_ponderada_con_4_svg-tex.pdf Graphic 
file (type pdf)
<use ./svg-inkscape/Movimiento_en_Y_Media_ponderada_con_4_svg-tex.pdf, page 1>
Package pdftex.def Info: ./svg-inkscape/Movimiento_en_Y_Media_ponderada_con_4_s
vg-tex.pdf , page1 used on input line 56.
(pdftex.def)             Requested size: 124.87973pt x 77.21718pt.
)
Package svg Info: Last page of `./svg-inkscape/Movimiento_en_Z_Media_ponderada_
con_4_svg-tex.pdf' is 1 on input line 137.

(./svg-inkscape/Movimiento_en_Z_Media_ponderada_con_4_svg-tex.pdf_tex
<./svg-inkscape/Movimiento_en_Z_Media_ponderada_con_4_svg-tex.pdf, id=10058, pa
ge=1, 451.6875pt x 279.29344pt>
File: ./svg-inkscape/Movimiento_en_Z_Media_ponderada_con_4_svg-tex.pdf Graphic 
file (type pdf)
<use ./svg-inkscape/Movimiento_en_Z_Media_ponderada_con_4_svg-tex.pdf, page 1>
Package pdftex.def Info: ./svg-inkscape/Movimiento_en_Z_Media_ponderada_con_4_s
vg-tex.pdf , page1 used on input line 56.
(pdftex.def)             Requested size: 124.87973pt x 77.21718pt.
)
Package svg Info: Last page of `./svg-inkscape/Movimiento_en_X_Media_ponderada_
con_8_svg-tex.pdf' is 1 on input line 145.

(./svg-inkscape/Movimiento_en_X_Media_ponderada_con_8_svg-tex.pdf_tex
<./svg-inkscape/Movimiento_en_X_Media_ponderada_con_8_svg-tex.pdf, id=10060, pa
ge=1, 451.6875pt x 279.29344pt>
File: ./svg-inkscape/Movimiento_en_X_Media_ponderada_con_8_svg-tex.pdf Graphic 
file (type pdf)
<use ./svg-inkscape/Movimiento_en_X_Media_ponderada_con_8_svg-tex.pdf, page 1>
Package pdftex.def Info: ./svg-inkscape/Movimiento_en_X_Media_ponderada_con_8_s
vg-tex.pdf , page1 used on input line 56.
(pdftex.def)             Requested size: 124.87973pt x 77.21718pt.
)
Package svg Info: Last page of `./svg-inkscape/Movimiento_en_Y_Media_ponderada_
con_8_svg-tex.pdf' is 1 on input line 149.

(./svg-inkscape/Movimiento_en_Y_Media_ponderada_con_8_svg-tex.pdf_tex
<./svg-inkscape/Movimiento_en_Y_Media_ponderada_con_8_svg-tex.pdf, id=10062, pa
ge=1, 451.6875pt x 279.29344pt>
File: ./svg-inkscape/Movimiento_en_Y_Media_ponderada_con_8_svg-tex.pdf Graphic 
file (type pdf)
<use ./svg-inkscape/Movimiento_en_Y_Media_ponderada_con_8_svg-tex.pdf, page 1>
Package pdftex.def Info: ./svg-inkscape/Movimiento_en_Y_Media_ponderada_con_8_s
vg-tex.pdf , page1 used on input line 56.
(pdftex.def)             Requested size: 124.87973pt x 77.21718pt.
)
Package svg Info: Last page of `./svg-inkscape/Movimiento_en_Z_Media_ponderada_
con_8_svg-tex.pdf' is 1 on input line 153.

(./svg-inkscape/Movimiento_en_Z_Media_ponderada_con_8_svg-tex.pdf_tex
<./svg-inkscape/Movimiento_en_Z_Media_ponderada_con_8_svg-tex.pdf, id=10064, pa
ge=1, 451.6875pt x 279.29344pt>
File: ./svg-inkscape/Movimiento_en_Z_Media_ponderada_con_8_svg-tex.pdf Graphic 
file (type pdf)
<use ./svg-inkscape/Movimiento_en_Z_Media_ponderada_con_8_svg-tex.pdf, page 1>
Package pdftex.def Info: ./svg-inkscape/Movimiento_en_Z_Media_ponderada_con_8_s
vg-tex.pdf , page1 used on input line 56.
(pdftex.def)             Requested size: 124.87973pt x 77.21718pt.
)
LaTeX Info: Redefining \. on input line 158.
LaTeX Info: Redefining \% on input line 158.
 [60 <./svg-inkscape/Movimiento_en_X_Media_ponderada_con_1_svg-tex.pdf> <./svg-
inkscape/Movimiento_en_Y_Media_ponderada_con_1_svg-tex.pdf

pdfTeX warning: pdflatex.exe (file ./svg-inkscape/Movimiento_en_Y_Media_pondera
da_con_1_svg-tex.pdf): PDF inclusion: multiple pdfs with page group included in
 a single page
> <./svg-inkscape/Movimiento_en_Z_Media_ponderada_con_1_svg-tex.pdf

pdfTeX warning: pdflatex.exe (file ./svg-inkscape/Movimiento_en_Z_Media_pondera
da_con_1_svg-tex.pdf): PDF inclusion: multiple pdfs with page group included in
 a single page
> <./svg-inkscape/Movimiento_en_X_Media_ponderada_con_2_svg-tex.pdf

pdfTeX warning: pdflatex.exe (file ./svg-inkscape/Movimiento_en_X_Media_pondera
da_con_2_svg-tex.pdf): PDF inclusion: multiple pdfs with page group included in
 a single page
> <./svg-inkscape/Movimiento_en_Y_Media_ponderada_con_2_svg-tex.pdf

pdfTeX warning: pdflatex.exe (file ./svg-inkscape/Movimiento_en_Y_Media_pondera
da_con_2_svg-tex.pdf): PDF inclusion: multiple pdfs with page group included in
 a single page
> <./svg-inkscape/Movimiento_en_Z_Media_ponderada_con_2_svg-tex.pdf

pdfTeX warning: pdflatex.exe (file ./svg-inkscape/Movimiento_en_Z_Media_pondera
da_con_2_svg-tex.pdf): PDF inclusion: multiple pdfs with page group included in
 a single page
> <./svg-inkscape/Movimiento_en_X_Media_ponderada_con_4_svg-tex.pdf

pdfTeX warning: pdflatex.exe (file ./svg-inkscape/Movimiento_en_X_Media_pondera
da_con_4_svg-tex.pdf): PDF inclusion: multiple pdfs with page group included in
 a single page
> <./svg-inkscape/Movimiento_en_Y_Media_ponderada_con_4_svg-tex.pdf

pdfTeX warning: pdflatex.exe (file ./svg-inkscape/Movimiento_en_Y_Media_pondera
da_con_4_svg-tex.pdf): PDF inclusion: multiple pdfs with page group included in
 a single page
> <./svg-inkscape/Movimiento_en_Z_Media_ponderada_con_4_svg-tex.pdf

pdfTeX warning: pdflatex.exe (file ./svg-inkscape/Movimiento_en_Z_Media_pondera
da_con_4_svg-tex.pdf): PDF inclusion: multiple pdfs with page group included in
 a single page
>]
Package svg Info: Last page of `./svg-inkscape/Movimiento_en_X_Media_ponderada_
con_10_svg-tex.pdf' is 1 on input line 164.
 (./svg-inkscape/Movimiento_en_X_Media_ponderada_con_10_svg-tex.pdf_tex
<./svg-inkscape/Movimiento_en_X_Media_ponderada_con_10_svg-tex.pdf, id=23347, p
age=1, 451.6875pt x 279.29344pt>
File: ./svg-inkscape/Movimiento_en_X_Media_ponderada_con_10_svg-tex.pdf Graphic
 file (type pdf)
<use ./svg-inkscape/Movimiento_en_X_Media_ponderada_con_10_svg-tex.pdf, page 1>

Package pdftex.def Info: ./svg-inkscape/Movimiento_en_X_Media_ponderada_con_10_
svg-tex.pdf , page1 used on input line 56.
(pdftex.def)             Requested size: 124.87973pt x 77.21718pt.
)
Package svg Info: Last page of `./svg-inkscape/Movimiento_en_Y_Media_ponderada_
con_10_svg-tex.pdf' is 1 on input line 168.

(./svg-inkscape/Movimiento_en_Y_Media_ponderada_con_10_svg-tex.pdf_tex
<./svg-inkscape/Movimiento_en_Y_Media_ponderada_con_10_svg-tex.pdf, id=23349, p
age=1, 451.6875pt x 279.29344pt>
File: ./svg-inkscape/Movimiento_en_Y_Media_ponderada_con_10_svg-tex.pdf Graphic
 file (type pdf)
<use ./svg-inkscape/Movimiento_en_Y_Media_ponderada_con_10_svg-tex.pdf, page 1>

Package pdftex.def Info: ./svg-inkscape/Movimiento_en_Y_Media_ponderada_con_10_
svg-tex.pdf , page1 used on input line 56.
(pdftex.def)             Requested size: 124.87973pt x 77.21718pt.
)
Package svg Info: Last page of `./svg-inkscape/Movimiento_en_Z_Media_ponderada_
con_10_svg-tex.pdf' is 1 on input line 172.

(./svg-inkscape/Movimiento_en_Z_Media_ponderada_con_10_svg-tex.pdf_tex
<./svg-inkscape/Movimiento_en_Z_Media_ponderada_con_10_svg-tex.pdf, id=23351, p
age=1, 451.6875pt x 279.29344pt>
File: ./svg-inkscape/Movimiento_en_Z_Media_ponderada_con_10_svg-tex.pdf Graphic
 file (type pdf)
<use ./svg-inkscape/Movimiento_en_Z_Media_ponderada_con_10_svg-tex.pdf, page 1>

Package pdftex.def Info: ./svg-inkscape/Movimiento_en_Z_Media_ponderada_con_10_
svg-tex.pdf , page1 used on input line 56.
(pdftex.def)             Requested size: 124.87973pt x 77.21718pt.
)
Package svg Info: Last page of `./svg-inkscape/Movimiento_en_X_Media_ponderada_
con_12_svg-tex.pdf' is 1 on input line 194.

(./svg-inkscape/Movimiento_en_X_Media_ponderada_con_12_svg-tex.pdf_tex
<./svg-inkscape/Movimiento_en_X_Media_ponderada_con_12_svg-tex.pdf, id=23356, p
age=1, 451.6875pt x 279.29344pt>
File: ./svg-inkscape/Movimiento_en_X_Media_ponderada_con_12_svg-tex.pdf Graphic
 file (type pdf)
<use ./svg-inkscape/Movimiento_en_X_Media_ponderada_con_12_svg-tex.pdf, page 1>

Package pdftex.def Info: ./svg-inkscape/Movimiento_en_X_Media_ponderada_con_12_
svg-tex.pdf , page1 used on input line 56.
(pdftex.def)             Requested size: 124.87973pt x 77.21718pt.
)
Package svg Info: Last page of `./svg-inkscape/Movimiento_en_Y_Media_ponderada_
con_12_svg-tex.pdf' is 1 on input line 198.

(./svg-inkscape/Movimiento_en_Y_Media_ponderada_con_12_svg-tex.pdf_tex
<./svg-inkscape/Movimiento_en_Y_Media_ponderada_con_12_svg-tex.pdf, id=23358, p
age=1, 451.6875pt x 279.29344pt>
File: ./svg-inkscape/Movimiento_en_Y_Media_ponderada_con_12_svg-tex.pdf Graphic
 file (type pdf)
<use ./svg-inkscape/Movimiento_en_Y_Media_ponderada_con_12_svg-tex.pdf, page 1>

Package pdftex.def Info: ./svg-inkscape/Movimiento_en_Y_Media_ponderada_con_12_
svg-tex.pdf , page1 used on input line 56.
(pdftex.def)             Requested size: 124.87973pt x 77.21718pt.
)
Package svg Info: Last page of `./svg-inkscape/Movimiento_en_Z_Media_ponderada_
con_12_svg-tex.pdf' is 1 on input line 202.

(./svg-inkscape/Movimiento_en_Z_Media_ponderada_con_12_svg-tex.pdf_tex
<./svg-inkscape/Movimiento_en_Z_Media_ponderada_con_12_svg-tex.pdf, id=23360, p
age=1, 451.6875pt x 279.29344pt>
File: ./svg-inkscape/Movimiento_en_Z_Media_ponderada_con_12_svg-tex.pdf Graphic
 file (type pdf)
<use ./svg-inkscape/Movimiento_en_Z_Media_ponderada_con_12_svg-tex.pdf, page 1>

Package pdftex.def Info: ./svg-inkscape/Movimiento_en_Z_Media_ponderada_con_12_
svg-tex.pdf , page1 used on input line 56.
(pdftex.def)             Requested size: 124.87973pt x 77.21718pt.
)
LaTeX Info: Redefining \. on input line 207.
LaTeX Info: Redefining \% on input line 207.

[61 <./svg-inkscape/Movimiento_en_X_Media_ponderada_con_8_svg-tex.pdf> <./svg-i
nkscape/Movimiento_en_Y_Media_ponderada_con_8_svg-tex.pdf

pdfTeX warning: pdflatex.exe (file ./svg-inkscape/Movimiento_en_Y_Media_pondera
da_con_8_svg-tex.pdf): PDF inclusion: multiple pdfs with page group included in
 a single page
> <./svg-inkscape/Movimiento_en_Z_Media_ponderada_con_8_svg-tex.pdf

pdfTeX warning: pdflatex.exe (file ./svg-inkscape/Movimiento_en_Z_Media_pondera
da_con_8_svg-tex.pdf): PDF inclusion: multiple pdfs with page group included in
 a single page
> <./svg-inkscape/Movimiento_en_X_Media_ponderada_con_10_svg-tex.pdf

pdfTeX warning: pdflatex.exe (file ./svg-inkscape/Movimiento_en_X_Media_pondera
da_con_10_svg-tex.pdf): PDF inclusion: multiple pdfs with page group included i
n a single page
> <./svg-inkscape/Movimiento_en_Y_Media_ponderada_con_10_svg-tex.pdf

pdfTeX warning: pdflatex.exe (file ./svg-inkscape/Movimiento_en_Y_Media_pondera
da_con_10_svg-tex.pdf): PDF inclusion: multiple pdfs with page group included i
n a single page
> <./svg-inkscape/Movimiento_en_Z_Media_ponderada_con_10_svg-tex.pdf

pdfTeX warning: pdflatex.exe (file ./svg-inkscape/Movimiento_en_Z_Media_pondera
da_con_10_svg-tex.pdf): PDF inclusion: multiple pdfs with page group included i
n a single page
>]
LaTeX Info: Redefining \. on input line 217.
LaTeX Info: Redefining \% on input line 217.
 [62 <./svg-inkscape/Movimiento_en_X_Media_ponderada_con_12_svg-tex.pdf> <./svg
-inkscape/Movimiento_en_Y_Media_ponderada_con_12_svg-tex.pdf

pdfTeX warning: pdflatex.exe (file ./svg-inkscape/Movimiento_en_Y_Media_pondera
da_con_12_svg-tex.pdf): PDF inclusion: multiple pdfs with page group included i
n a single page
> <./svg-inkscape/Movimiento_en_Z_Media_ponderada_con_12_svg-tex.pdf

pdfTeX warning: pdflatex.exe (file ./svg-inkscape/Movimiento_en_Z_Media_pondera
da_con_12_svg-tex.pdf): PDF inclusion: multiple pdfs with page group included i
n a single page
>]
<imagenes/Baxter_Colliding/FrontViewCollidingX.png, id=37646, 534.99875pt x 256
.45813pt>
File: imagenes/Baxter_Colliding/FrontViewCollidingX.png Graphic file (type png)

<use imagenes/Baxter_Colliding/FrontViewCollidingX.png>
Package pdftex.def Info: imagenes/Baxter_Colliding/FrontViewCollidingX.png  use
d on input line 227.
(pdftex.def)             Requested size: 99.90416pt x 47.8901pt.
<imagenes/Baxter_Colliding/FrontViewCollidingY.png, id=37647, 569.62813pt x 213
.79875pt>
File: imagenes/Baxter_Colliding/FrontViewCollidingY.png Graphic file (type png)

<use imagenes/Baxter_Colliding/FrontViewCollidingY.png>
Package pdftex.def Info: imagenes/Baxter_Colliding/FrontViewCollidingY.png  use
d on input line 232.
(pdftex.def)             Requested size: 124.87973pt x 46.86948pt.
<imagenes/Baxter_Colliding/LateralViewCollidingZ.png, id=37648, 373.89688pt x 3
15.1775pt>
File: imagenes/Baxter_Colliding/LateralViewCollidingZ.png Graphic file (type pn
g)
<use imagenes/Baxter_Colliding/LateralViewCollidingZ.png>
Package pdftex.def Info: imagenes/Baxter_Colliding/LateralViewCollidingZ.png  u
sed on input line 237.
(pdftex.def)             Requested size: 77.19789pt x 65.07349pt.
Package svg Info: Last page of `./svg-inkscape/Torque_frente_a_ Penetracion_en_
X_Maximo_10_svg-tex.pdf' is 1 on input line 247.
 (./svg-inkscape/Torque_frente_a_ Penetracion_en_X_Maximo_10_svg-tex.pdf_tex
<./svg-inkscape/Torque_frente_a_ Penetracion_en_X_Maximo_10_svg-tex.pdf, id=376
50, page=1, 451.6875pt x 279.29344pt>
File: ./svg-inkscape/Torque_frente_a_ Penetracion_en_X_Maximo_10_svg-tex.pdf Gr
aphic file (type pdf)
<use ./svg-inkscape/Torque_frente_a_ Penetracion_en_X_Maximo_10_svg-tex.pdf, pa
ge 1>
Package pdftex.def Info: ./svg-inkscape/Torque_frente_a_ Penetracion_en_X_Maxim
o_10_svg-tex.pdf , page1 used on input line 56.
(pdftex.def)             Requested size: 124.87973pt x 77.21718pt.
)
Package svg Info: Last page of `./svg-inkscape/Torque_frente_a_ Penetracion_en_
Y_Maximo_10_svg-tex.pdf' is 1 on input line 251.
(./svg-inkscape/Torque_frente_a_ Penetracion_en_Y_Maximo_10_svg-tex.pdf_tex
<./svg-inkscape/Torque_frente_a_ Penetracion_en_Y_Maximo_10_svg-tex.pdf, id=376
52, page=1, 451.6875pt x 279.29344pt>
File: ./svg-inkscape/Torque_frente_a_ Penetracion_en_Y_Maximo_10_svg-tex.pdf Gr
aphic file (type pdf)
<use ./svg-inkscape/Torque_frente_a_ Penetracion_en_Y_Maximo_10_svg-tex.pdf, pa
ge 1>
Package pdftex.def Info: ./svg-inkscape/Torque_frente_a_ Penetracion_en_Y_Maxim
o_10_svg-tex.pdf , page1 used on input line 56.
(pdftex.def)             Requested size: 124.87973pt x 77.21718pt.
)
Package svg Info: Last page of `./svg-inkscape/Torque_frente_a_ Penetracion_en_
Z_Maximo_10_svg-tex.pdf' is 1 on input line 255.

(./svg-inkscape/Torque_frente_a_ Penetracion_en_Z_Maximo_10_svg-tex.pdf_tex
<./svg-inkscape/Torque_frente_a_ Penetracion_en_Z_Maximo_10_svg-tex.pdf, id=376
54, page=1, 451.6875pt x 279.29344pt>
File: ./svg-inkscape/Torque_frente_a_ Penetracion_en_Z_Maximo_10_svg-tex.pdf Gr
aphic file (type pdf)
<use ./svg-inkscape/Torque_frente_a_ Penetracion_en_Z_Maximo_10_svg-tex.pdf, pa
ge 1>
Package pdftex.def Info: ./svg-inkscape/Torque_frente_a_ Penetracion_en_Z_Maxim
o_10_svg-tex.pdf , page1 used on input line 56.
(pdftex.def)             Requested size: 124.87973pt x 77.21718pt.
)
Package svg Info: Last page of `./svg-inkscape/Torque_frente_a_ Penetracion_en_
X_Maximo_20_svg-tex.pdf' is 1 on input line 262.

(./svg-inkscape/Torque_frente_a_ Penetracion_en_X_Maximo_20_svg-tex.pdf_tex
<./svg-inkscape/Torque_frente_a_ Penetracion_en_X_Maximo_20_svg-tex.pdf, id=376
56, page=1, 451.6875pt x 279.29344pt>
File: ./svg-inkscape/Torque_frente_a_ Penetracion_en_X_Maximo_20_svg-tex.pdf Gr
aphic file (type pdf)
<use ./svg-inkscape/Torque_frente_a_ Penetracion_en_X_Maximo_20_svg-tex.pdf, pa
ge 1>
Package pdftex.def Info: ./svg-inkscape/Torque_frente_a_ Penetracion_en_X_Maxim
o_20_svg-tex.pdf , page1 used on input line 56.
(pdftex.def)             Requested size: 124.87973pt x 77.21718pt.
)
Package svg Info: Last page of `./svg-inkscape/Torque_frente_a_ Penetracion_en_
Y_Maximo_20_svg-tex.pdf' is 1 on input line 266.

(./svg-inkscape/Torque_frente_a_ Penetracion_en_Y_Maximo_20_svg-tex.pdf_tex
<./svg-inkscape/Torque_frente_a_ Penetracion_en_Y_Maximo_20_svg-tex.pdf, id=376
58, page=1, 451.6875pt x 279.29344pt>
File: ./svg-inkscape/Torque_frente_a_ Penetracion_en_Y_Maximo_20_svg-tex.pdf Gr
aphic file (type pdf)
<use ./svg-inkscape/Torque_frente_a_ Penetracion_en_Y_Maximo_20_svg-tex.pdf, pa
ge 1>
Package pdftex.def Info: ./svg-inkscape/Torque_frente_a_ Penetracion_en_Y_Maxim
o_20_svg-tex.pdf , page1 used on input line 56.
(pdftex.def)             Requested size: 124.87973pt x 77.21718pt.
)
Package svg Info: Last page of `./svg-inkscape/Torque_frente_a_ Penetracion_en_
Z_Maximo_20_svg-tex.pdf' is 1 on input line 270.

(./svg-inkscape/Torque_frente_a_ Penetracion_en_Z_Maximo_20_svg-tex.pdf_tex
<./svg-inkscape/Torque_frente_a_ Penetracion_en_Z_Maximo_20_svg-tex.pdf, id=376
60, page=1, 451.6875pt x 279.29344pt>
File: ./svg-inkscape/Torque_frente_a_ Penetracion_en_Z_Maximo_20_svg-tex.pdf Gr
aphic file (type pdf)
<use ./svg-inkscape/Torque_frente_a_ Penetracion_en_Z_Maximo_20_svg-tex.pdf, pa
ge 1>
Package pdftex.def Info: ./svg-inkscape/Torque_frente_a_ Penetracion_en_Z_Maxim
o_20_svg-tex.pdf , page1 used on input line 56.
(pdftex.def)             Requested size: 124.87973pt x 77.21718pt.
)
LaTeX Info: Redefining \. on input line 275.
LaTeX Info: Redefining \% on input line 275.

[63 <./imagenes/Baxter_Colliding/FrontViewCollidingX.png> <./imagenes/Baxter_Co
lliding/FrontViewCollidingY.png> <./imagenes/Baxter_Colliding/LateralViewCollid
ingZ.png> <./svg-inkscape/Torque_frente_a_ Penetracion_en_X_Maximo_10_svg-tex.p
df> <./svg-inkscape/Torque_frente_a_ Penetracion_en_Y_Maximo_10_svg-tex.pdf

pdfTeX warning: pdflatex.exe (file ./svg-inkscape/Torque_frente_a_ Penetracion_
en_Y_Maximo_10_svg-tex.pdf): PDF inclusion: multiple pdfs with page group inclu
ded in a single page
> <./svg-inkscape/Torque_frente_a_ Penetracion_en_Z_Maximo_10_svg-tex.pdf

pdfTeX warning: pdflatex.exe (file ./svg-inkscape/Torque_frente_a_ Penetracion_
en_Z_Maximo_10_svg-tex.pdf): PDF inclusion: multiple pdfs with page group inclu
ded in a single page
>]) (./capitulos/06_Conclusiones.tex
LaTeX Info: Redefining \. on input line 1.
LaTeX Info: Redefining \% on input line 1.
 [64 <./svg-inkscape/Torque_frente_a_ Penetracion_en_X_Maximo_20_svg-tex.pdf> <
./svg-inkscape/Torque_frente_a_ Penetracion_en_Y_Maximo_20_svg-tex.pdf

pdfTeX warning: pdflatex.exe (file ./svg-inkscape/Torque_frente_a_ Penetracion_
en_Y_Maximo_20_svg-tex.pdf): PDF inclusion: multiple pdfs with page group inclu
ded in a single page
> <./svg-inkscape/Torque_frente_a_ Penetracion_en_Z_Maximo_20_svg-tex.pdf

pdfTeX warning: pdflatex.exe (file ./svg-inkscape/Torque_frente_a_ Penetracion_
en_Z_Maximo_20_svg-tex.pdf): PDF inclusion: multiple pdfs with page group inclu
ded in a single page
>]
Cap\'{\i }tulo 6.
[65

]
Underfull \vbox (badness 10000) has occurred while \output is active []

LaTeX Info: Redefining \. on input line 20.
LaTeX Info: Redefining \% on input line 20.
 [66]
LaTeX Info: Redefining \. on input line 38.
LaTeX Info: Redefining \% on input line 38.

[67]
LaTeX Info: Redefining \. on input line 52.
LaTeX Info: Redefining \% on input line 52.
 [68]) (./capitulos/07_Referencias.tex [69] [70

]
Underfull \hbox (badness 1205) in paragraph at lines 10--11
[]\OT1/cmr/m/n/10.95 FAAC. 2021. Mi-li-tary Trai-ning Si-mu-la-tors | Air & Arm
y Trai-ning
 []

[71]
Underfull \hbox (badness 1062) in paragraph at lines 12--13
\OT1/cmr/m/n/10.95 pe-dia li-bre. [on-li-ne] Avai-la-ble at: $\OML/cmm/m/it/10.
95 <$[]$\OT1/cmtt/m/n/10.95 https : / / es . wikipedia . org / wiki /
 []


Underfull \hbox (badness 4634) in paragraph at lines 14--15
[]\OT1/cmr/m/n/10.95 2021. [on-li-ne] Avai-la-ble at: $\OML/cmm/m/it/10.95 <$[]
\OT1/cmr/m/n/10.95 https://www.sdpnoticias.com/estilo-de-
 []


Underfull \hbox (badness 2662) in paragraph at lines 14--15
\OT1/cmr/m/n/10.95 vida/video-desde-londres-medico-opera-platano-estados-unidos
.html[]$\OML/cmm/m/it/10.95 >$ \OT1/cmr/m/n/10.95 [Ac-
 []

LaTeX Info: Redefining \. on input line 25.
LaTeX Info: Redefining \% on input line 25.
[72]
Underfull \hbox (badness 10000) in paragraph at lines 29--30
[]\OT1/cmr/m/n/10.95 Hospimedica.es. 2021. Pla-ta-for-ma de en-tre-na-mien-to d
e RV
 []


Underfull \hbox (badness 10000) in paragraph at lines 29--30
\OT1/cmr/m/n/10.95 dis-mi-nu-ye los erro-res quir^^Surgi-cos cr^^S^^Pti-cos a l
a mi-tad. [on-
 []


Underfull \hbox (badness 10000) in paragraph at lines 29--30
\OT1/cmr/m/n/10.95 li-ne] Avai-la-ble at: $\OML/cmm/m/it/10.95 <$[]\OT1/cmr/m/n
/10.95 https://www.hospimedica.es/tecnicas-
 []


Underfull \hbox (badness 10000) in paragraph at lines 29--30
\OT1/cmr/m/n/10.95 quirurgicas/articles/294786664/plataforma-de-entrenamiento-d
e-rv-
 []


Underfull \hbox (badness 10000) in paragraph at lines 29--30
\OT1/cmr/m/n/10.95 disminuye-los-errores-quirurgicos-criticos-a-la-mitad.html[]
$\OML/cmm/m/it/10.95 >$ \OT1/cmr/m/n/10.95 [Ac-ces-sed 2
 []

LaTeX Info: Redefining \. on input line 35.
LaTeX Info: Redefining \% on input line 35.
[73]
Underfull \hbox (badness 4608) in paragraph at lines 35--36
[]\OT1/cmr/m/n/10.95 D^^S^^Paz Tri-bal-dos, M^^Soni-ca Roc^^S^^Po, Es-co-bar oc
am-po, Jos^^Se Ma-nuel y
 []


Underfull \hbox (badness 10000) in paragraph at lines 35--36
\OT1/cmr/m/n/10.95 Vi-vas Alb^^San, []Oscar Andr^^Ses. (2015). IN-TER-FAZ H[]AP
TI-CA TI-
 []


Underfull \hbox (badness 10000) in paragraph at lines 35--36
\OT1/cmr/m/n/10.95 PO GA-RANT[]IA CON RE-ALI-MEN-TA-CI[]ON VI-BRA-TO-RIA. Re-
 []


Underfull \hbox (badness 1748) in paragraph at lines 35--36
\OT1/cmr/m/n/10.95 vis-ta EIA , (23), 29-39. Ob-te-ni-do el 2 de sep-tiem-bre d
e 2021 de
 []


Underfull \hbox (badness 10000) in paragraph at lines 35--36
[]$\OT1/cmtt/m/n/10.95 http : / / www . scielo . org . co / scielo . php ? scri
pt = sci _ arttext & pid =
 []


Underfull \hbox (badness 4647) in paragraph at lines 46--47
[]\OT1/cmr/m/n/10.95 Energy.gov. 2021. DOE Explains...Deuterium-Tritium Fu-sion
 Reac-
 []


Underfull \hbox (badness 2653) in paragraph at lines 46--47
\OT1/cmr/m/n/10.95 tor Fuel. [on-li-ne] Avai-la-ble at: $\OML/cmm/m/it/10.95 <$
[]$\OT1/cmtt/m/n/10.95 https : / / www . energy . gov / science /
 []


Underfull \hbox (badness 2351) in paragraph at lines 46--47
\OT1/cmtt/m/n/10.95 doe-[]explainsdeuterium-[]tritium-[]fusion-[]reactor-[]fuel
$[]$\OML/cmm/m/it/10.95 >$ \OT1/cmr/m/n/10.95 [Ac-ces-sed 2
 []

LaTeX Info: Redefining \. on input line 48.
LaTeX Info: Redefining \% on input line 48.
[74]
Underfull \hbox (badness 10000) in paragraph at lines 52--53
[]\OT1/cmr/m/n/10.95 Pharmaceutical-technology.com. 2020. Un-real En-gi-ne: fro
m
 []


Underfull \hbox (badness 10000) in paragraph at lines 52--53
\OT1/cmr/m/n/10.95 ga-ming to ground-breaking cu-res. [on-li-ne] Avai-la-ble at
:
 []


Underfull \hbox (badness 10000) in paragraph at lines 52--53
\OML/cmm/m/it/10.95 <$[]$\OT1/cmtt/m/n/10.95 https : / / www . pharmaceutical-[
]technology . com / features /
 []


Underfull \hbox (badness 5331) in paragraph at lines 52--53
\OT1/cmtt/m/n/10.95 unreal-[]engine-[]gaming-[]ground-[]breaking-[]cures/$[]$\O
ML/cmm/m/it/10.95 >$ \OT1/cmr/m/n/10.95 [Ac-ces-sed 2 Sep-
 []


Underfull \hbox (badness 6396) in paragraph at lines 58--59
[]\OT1/cmr/m/n/10.95 Smithsonian Ma-ga-zi-ne. 2021. He-re's What the Fu-tu-re o
f Hap-
 []


Underfull \hbox (badness 1281) in paragraph at lines 58--59
\OT1/cmr/m/n/10.95 tic Tech-no-logy Looks (Or Rather, Feels) Li-ke. [on-li-ne] 
Avai-la-ble at:
 []


Underfull \hbox (badness 10000) in paragraph at lines 58--59
\OML/cmm/m/it/10.95 <$[]\OT1/cmr/m/n/10.95 https://www.smithsonianmag.com/innov
ation/heres-what-future-haptic-
 []


Underfull \hbox (badness 10000) in paragraph at lines 58--59
\OT1/cmr/m/n/10.95 technology-looks-or-rather-feels-180971097/.[]$\OML/cmm/m/it
/10.95 >$ \OT1/cmr/m/n/10.95 [Ac-ces-sed 2 Sep-tem-ber
 []

LaTeX Info: Redefining \. on input line 60.
LaTeX Info: Redefining \% on input line 60.
[75]
Underfull \hbox (badness 1902) in paragraph at lines 67--68
\OT1/cmr/m/n/10.95 BOT MAN-FRED. [ebook] JA-VIER V. G[]OMEZ GONZ[]ALEZ. Avai-
 []


Underfull \hbox (badness 10000) in paragraph at lines 69--70
[]\OT1/cmr/m/n/10.95 GitHub. 2021. GitHub - Unity-Technologies/URDF-Importer:
 []


Underfull \hbox (badness 10000) in paragraph at lines 69--70
\OT1/cmr/m/n/10.95 URDF im-por-ter. [on-li-ne] Avai-la-ble at: $\OML/cmm/m/it/1
0.95 <$[]$\OT1/cmtt/m/n/10.95 https : / / github . com /
 []

LaTeX Info: Redefining \. on input line 72.
LaTeX Info: Redefining \% on input line 72.
[76]
Underfull \hbox (badness 10000) in paragraph at lines 74--75
[]\OT1/cmr/m/n/10.95 2016. [on-li-ne] Avai-la-ble at: $\OML/cmm/m/it/10.95 <$[]
$\OT1/cmtt/m/n/10.95 https : / / assetstore .
 []


Underfull \hbox (badness 10000) in paragraph at lines 74--75
\OT1/cmtt/m/n/10.95 unity . com / packages / essentials / tutorial-[]projects /

 []


Overfull \hbox (43.53949pt too wide) in paragraph at lines 74--75
\OT1/cmtt/m/n/10.95 unity-[]5-[]haptic-[]plugin-[]for-[]geomagic-[]openhaptics-
[]3-[]3-[]hlapi-[]hdapi-[]34393$[]$\OML/cmm/m/it/10.95 >$
 []


Underfull \hbox (badness 10000) in paragraph at lines 75--76
\OT1/cmtt/m/n/10.95 tools / integration / 3d-[]systems-[]openhaptics-[]unity-[]
plugin-[]134024$[]$\OML/cmm/m/it/10.95 >$
 []


Underfull \hbox (badness 3428) in paragraph at lines 78--79
[]\OT1/cmr/m/n/10.95 2020. OpenHap-tics\TS1/cmr/m/n/10.95  \OT1/cmr/m/n/10.95 
Tool-kit Ver-sion 3.5.0 API Re-fe-ren-ce Gui-de.
 []


Underfull \hbox (badness 2435) in paragraph at lines 78--79
\OT1/cmr/m/n/10.95 [ebook] 3D Sys-tems. Avai-la-ble at: $\OML/cmm/m/it/10.95 <$
[]$\OT1/cmtt/m/n/10.95 https : / / s3 . amazonaws . com / dl .
 []


Underfull \hbox (badness 10000) in paragraph at lines 78--79
\OT1/cmtt/m/n/10.95 3dsystems . com / binaries / Sensable / OH / 3 . 5 / OpenHa
ptics _ Toolkit _
 []


Underfull \hbox (badness 10000) in paragraph at lines 82--83
[]\OT1/cmr/m/n/10.95 Nasa.gov. 2021. [on-li-ne] Avai-la-ble at: $\OML/cmm/m/it/
10.95 <$[]$\OT1/cmtt/m/n/10.95 https : / / www . nasa . gov /
 []


Underfull \hbox (badness 10000) in paragraph at lines 82--83
\OT1/cmtt/m/n/10.95 sites / default / files / styles / side _ image / public / 
thumbnails / image /
 []


Underfull \hbox (badness 1515) in paragraph at lines 83--84
[]\OT1/cmr/m/n/10.95 Our World in Da-ta. 2021. Glo-bal pri-mary energy con-sum-
ption by
 []


Underfull \hbox (badness 10000) in paragraph at lines 84--85
\OT1/cmtt/m/n/10.95 title = File : Perseverance _ selfie ,[] _looking _ at _ WA
TSON _ (PIA24542 )
 []

LaTeX Info: Redefining \. on input line 85.
LaTeX Info: Redefining \% on input line 85.
[77]
Underfull \hbox (badness 1721) in paragraph at lines 85--86
[]\OT1/cmr/m/n/10.95 File:Deuterium-tritium fu-sion.svg. (2021, July 21). Wi-ki
-me-dia Com-
 []


Underfull \hbox (badness 6859) in paragraph at lines 85--86
\OT1/cmr/m/n/10.95 mons, the free me-dia re-po-si-tory. Re-trie-ved 23:13, Sep-
tem-ber 2,
 []


Underfull \hbox (badness 10000) in paragraph at lines 88--89
\OT1/cmr/m/n/10.95 RO-BOTS. Avai-la-ble at: $\OML/cmm/m/it/10.95 <$[]\OT1/cmr/m
/n/10.95 https://revistaderobots.com/cobots/cobots-
 []


Underfull \hbox (badness 10000) in paragraph at lines 88--89
\OT1/cmr/m/n/10.95 o-robots-colaborativos-caracteristicas-ventajas-y-fabricante
s-de-brazos-
 []


Underfull \hbox (badness 10000) in paragraph at lines 89--90
\OT1/cmtt/m/n/10.95 web / 20140826071530 / http : / / www . rethinkrobotics . c
om / products /
 []


Underfull \hbox (badness 3780) in paragraph at lines 90--91
[]\OT1/cmr/m/n/10.95 GitHub. 2021. Unity-Robotics-Hub/unity[]ros.png at main \T
S1/cmr/m/n/10.95  \OT1/cmr/m/n/10.95 Unity-
 []


Underfull \hbox (badness 10000) in paragraph at lines 90--91
\OT1/cmr/m/n/10.95 Technologies/Unity-Robotics-Hub. [on-li-ne] Avai-la-ble at: 
$\OML/cmm/m/it/10.95 <$[]$\OT1/cmtt/m/n/10.95 https :
 []


Underfull \hbox (badness 10000) in paragraph at lines 90--91
\OT1/cmtt/m/n/10.95 / / github . com / Unity-[]Technologies / Unity-[]Robotics-
[]Hub / blob / main /
 []


Underfull \hbox (badness 1867) in paragraph at lines 90--91
\OT1/cmtt/m/n/10.95 tutorials / ros _ unity _ integration / images / unity _ ro
s . png$[]$\OML/cmm/m/it/10.95 >$ \OT1/cmr/m/n/10.95 [Ac-ces-sed
 []

LaTeX Info: Redefining \. on input line 95.
LaTeX Info: Redefining \% on input line 95.
[78])
LaTeX Info: Redefining \. on input line 230.
LaTeX Info: Redefining \% on input line 230.
 [79] [80

] [81] (./proyecto.aux
LaTeX Info: Redefining \. on input line 26.
LaTeX Info: Redefining \% on input line 26.
)

LaTeX Font Warning: Some font shapes were not available, defaults substituted.

Package rerunfilecheck Info: File `proyecto.out' has not changed.
(rerunfilecheck)             Checksum: 7FEDAD1996B844779F6E257C2EEBD76C;8044.
 ) 
Here is how much of TeX's memory you used:
 17609 strings out of 478599
 296940 string characters out of 5858102
 653570 words of memory out of 5000000
 34675 multiletter control sequences out of 15000+600000
 411815 words of font info for 56 fonts, out of 8000000 for 9000
 1141 hyphenation exceptions out of 8191
 94i,14n,94p,1248b,708s stack positions out of 5000i,500n,10000p,200000b,80000s
{c:/texlive/2021/texmf-dist/fonts/enc/dvips/cm-super/cm-super-ts1.enc}<c:/tex
live/2021/texmf-dist/fonts/type1/public/amsfonts/cm/cmbx10.pfb><c:/texlive/2021
/texmf-dist/fonts/type1/public/amsfonts/cm/cmbx12.pfb><c:/texlive/2021/texmf-di
st/fonts/type1/public/amsfonts/cm/cmbx8.pfb><c:/texlive/2021/texmf-dist/fonts/t
ype1/public/amsfonts/cm/cmbxti10.pfb><c:/texlive/2021/texmf-dist/fonts/type1/pu
blic/amsfonts/cm/cmcsc10.pfb><c:/texlive/2021/texmf-dist/fonts/type1/public/ams
fonts/cm/cmex10.pfb><c:/texlive/2021/texmf-dist/fonts/type1/public/amsfonts/cm/
cmmi10.pfb><c:/texlive/2021/texmf-dist/fonts/type1/public/amsfonts/cm/cmmi6.pfb
><c:/texlive/2021/texmf-dist/fonts/type1/public/amsfonts/cm/cmmi8.pfb><c:/texli
ve/2021/texmf-dist/fonts/type1/public/amsfonts/cm/cmr10.pfb><c:/texlive/2021/te
xmf-dist/fonts/type1/public/amsfonts/cm/cmr6.pfb><c:/texlive/2021/texmf-dist/fo
nts/type1/public/amsfonts/cm/cmr8.pfb><c:/texlive/2021/texmf-dist/fonts/type1/p
ublic/amsfonts/cm/cmsy10.pfb><c:/texlive/2021/texmf-dist/fonts/type1/public/ams
fonts/cm/cmsy8.pfb><c:/texlive/2021/texmf-dist/fonts/type1/public/amsfonts/cm/c
mti10.pfb><c:/texlive/2021/texmf-dist/fonts/type1/public/amsfonts/cm/cmtt10.pfb
><c:/texlive/2021/texmf-dist/fonts/type1/public/eurosym/feymr10.pfb><c:/texlive
/2021/texmf-dist/fonts/type1/public/cm-super/sfrm1095.pfb>
Output written on proyecto.pdf (101 pages, 9561794 bytes).
PDF statistics:
 42016 PDF objects out of 45951 (max. 8388607)
 28070 compressed objects within 281 object streams
 316 named destinations out of 1000 (max. 500000)
 752 words of extra memory for PDF output out of 10000 (max. 10000000)

